2022-10-03T22:20:02 INFO Booting...
2022-10-03T22:20:02 INFO Connecting to 192.168.200.1:6607...
2022-10-03T22:20:02 INFO Connection established!
2022-10-03T22:20:04 INFO Connecting to /dev/ttyUSB0...
2022-10-03T22:20:04 INFO Connection established!
2022-10-03T22:23:45 ERROR Could not read old-pv, reason: Modbus Error: [Input/Output] Modbus Error: [Invalid Message] No response received, expected at least 2 bytes (0 received)
2022-10-03T22:23:45 INFO Reconnecting after a bad response...
2022-10-03T22:23:45 INFO Disconnecting from /dev/ttyUSB0...
2022-10-03T22:23:45 INFO Connection closed!
2022-10-03T22:23:45 INFO Connecting to /dev/ttyUSB0...
2022-10-03T22:23:45 INFO Connection established!
2022-10-03T22:29:55 ERROR Could not read house, reason: Modbus Error: [Input/Output] Modbus Error: [Invalid Message] No response received, expected at least 2 bytes (0 received)
2022-10-03T22:29:55 INFO Reconnecting after a bad response...
2022-10-03T22:29:55 INFO Disconnecting from /dev/ttyUSB0...
2022-10-03T22:29:55 INFO Connection closed!
2022-10-03T22:29:55 INFO Connecting to /dev/ttyUSB0...
2022-10-03T22:29:55 INFO Connection established!
2022-10-03T22:41:09 ERROR Could not read house, reason: Modbus Error: [Input/Output] Modbus Error: [Invalid Message] No response received, expected at least 2 bytes (0 received)
2022-10-03T22:41:09 INFO Reconnecting after a bad response...
2022-10-03T22:41:09 INFO Disconnecting from /dev/ttyUSB0...
2022-10-03T22:41:09 INFO Connection closed!
2022-10-03T22:41:09 INFO Connecting to /dev/ttyUSB0...
2022-10-03T22:41:09 INFO Connection established!
2022-10-03T22:50:47 ERROR Could not read old-pv, reason: Modbus Error: [Input/Output] Modbus Error: [Invalid Message] No response received, expected at least 2 bytes (0 received)
2022-10-03T22:50:47 INFO Reconnecting after a bad response...
2022-10-03T22:50:47 INFO Disconnecting from /dev/ttyUSB0...
2022-10-03T22:50:47 INFO Connection closed!
2022-10-03T22:50:47 INFO Connecting to /dev/ttyUSB0...
2022-10-03T22:50:47 INFO Connection established!
2022-10-03T22:57:32 ERROR Could not read house, reason: Modbus Error: [Input/Output] Modbus Error: [Invalid Message] No response received, expected at least 2 bytes (0 received)
2022-10-03T22:57:32 INFO Reconnecting after a bad response...
2022-10-03T22:57:32 INFO Disconnecting from /dev/ttyUSB0...
2022-10-03T22:57:32 INFO Connection closed!
2022-10-03T22:57:32 INFO Connecting to /dev/ttyUSB0...
2022-10-03T22:57:32 INFO Connection established!
2022-10-03T23:39:22 ERROR Could not read house, reason: Modbus Error: [Input/Output] Modbus Error: [Invalid Message] No response received, expected at least 2 bytes (0 received)
2022-10-03T23:39:22 INFO Reconnecting after a bad response...
2022-10-03T23:39:22 INFO Disconnecting from /dev/ttyUSB0...
2022-10-03T23:39:22 INFO Connection closed!
2022-10-03T23:39:22 INFO Connecting to /dev/ttyUSB0...
2022-10-03T23:39:22 INFO Connection established!
2022-10-03T23:47:31 ERROR Could not read old-pv, reason: Modbus Error: [Input/Output] Modbus Error: [Invalid Message] No response received, expected at least 2 bytes (0 received)
2022-10-03T23:47:31 INFO Reconnecting after a bad response...
2022-10-03T23:47:31 INFO Disconnecting from /dev/ttyUSB0...
2022-10-03T23:47:31 INFO Connection closed!
2022-10-03T23:47:31 INFO Connecting to /dev/ttyUSB0...
2022-10-03T23:47:31 INFO Connection established!
2022-10-04T00:00:51 ERROR Could not read house, reason: Modbus Error: [Input/Output] Modbus Error: [Invalid Message] No response received, expected at least 2 bytes (0 received)
2022-10-04T00:00:51 INFO Reconnecting after a bad response...
2022-10-04T00:00:51 INFO Disconnecting from /dev/ttyUSB0...
2022-10-04T00:00:51 INFO Connection closed!
2022-10-04T00:00:51 INFO Connecting to /dev/ttyUSB0...
2022-10-04T00:00:51 INFO Connection established!
2022-10-04T00:03:22 ERROR Could not read old-pv, reason: Modbus Error: [Input/Output] Modbus Error: [Invalid Message] No response received, expected at least 2 bytes (0 received)
2022-10-04T00:03:22 INFO Reconnecting after a bad response...
2022-10-04T00:03:22 INFO Disconnecting from /dev/ttyUSB0...
2022-10-04T00:03:22 INFO Connection closed!
2022-10-04T00:03:22 INFO Connecting to /dev/ttyUSB0...
2022-10-04T00:03:22 INFO Connection established!
2022-10-04T00:06:29 ERROR Could not read house, reason: Modbus Error: [Input/Output] Modbus Error: [Invalid Message] No response received, expected at least 2 bytes (0 received)
2022-10-04T00:06:29 INFO Reconnecting after a bad response...
2022-10-04T00:06:29 INFO Disconnecting from /dev/ttyUSB0...
2022-10-04T00:06:29 INFO Connection closed!
2022-10-04T00:06:29 INFO Connecting to /dev/ttyUSB0...
2022-10-04T00:06:29 INFO Connection established!
2022-10-04T00:10:02 ERROR Could not read old-pv, reason: Modbus Error: [Input/Output] Modbus Error: [Invalid Message] No response received, expected at least 2 bytes (0 received)
2022-10-04T00:10:02 INFO Reconnecting after a bad response...
2022-10-04T00:10:02 INFO Disconnecting from /dev/ttyUSB0...
2022-10-04T00:10:02 INFO Connection closed!
2022-10-04T00:10:02 INFO Connecting to /dev/ttyUSB0...
2022-10-04T00:10:02 INFO Connection established!
2022-10-04T00:12:08 ERROR Could not read house, reason: Modbus Error: [Input/Output] Modbus Error: [Invalid Message] No response received, expected at least 2 bytes (0 received)
2022-10-04T00:12:08 INFO Reconnecting after a bad response...
2022-10-04T00:12:08 INFO Disconnecting from /dev/ttyUSB0...
2022-10-04T00:12:08 INFO Connection closed!
2022-10-04T00:12:08 INFO Connecting to /dev/ttyUSB0...
2022-10-04T00:12:08 INFO Connection established!
2022-10-04T00:14:09 ERROR Could not read old-pv, reason: Modbus Error: [Input/Output] Modbus Error: [Invalid Message] No response received, expected at least 2 bytes (0 received)
2022-10-04T00:14:09 INFO Reconnecting after a bad response...
2022-10-04T00:14:09 INFO Disconnecting from /dev/ttyUSB0...
2022-10-04T00:14:09 INFO Connection closed!
2022-10-04T00:14:09 INFO Connecting to /dev/ttyUSB0...
2022-10-04T00:14:09 INFO Connection established!
2022-10-04T00:31:31 ERROR Could not read house, reason: Modbus Error: [Input/Output] Modbus Error: [Invalid Message] No response received, expected at least 2 bytes (0 received)
2022-10-04T00:31:31 INFO Reconnecting after a bad response...
2022-10-04T00:31:31 INFO Disconnecting from /dev/ttyUSB0...
2022-10-04T00:31:31 INFO Connection closed!
2022-10-04T00:31:31 INFO Connecting to /dev/ttyUSB0...
2022-10-04T00:31:31 INFO Connection established!
2022-10-04T01:54:46 ERROR Could not read house, reason: Modbus Error: [Input/Output] Modbus Error: [Invalid Message] No response received, expected at least 2 bytes (0 received)
2022-10-04T01:54:46 INFO Reconnecting after a bad response...
2022-10-04T01:54:46 INFO Disconnecting from /dev/ttyUSB0...
2022-10-04T01:54:46 INFO Connection closed!
2022-10-04T01:54:46 INFO Connecting to /dev/ttyUSB0...
2022-10-04T01:54:46 INFO Connection established!
2022-10-04T02:16:15 ERROR Could not read house, reason: Modbus Error: [Input/Output] Modbus Error: [Invalid Message] No response received, expected at least 2 bytes (0 received)
2022-10-04T02:16:15 INFO Reconnecting after a bad response...
2022-10-04T02:16:15 INFO Disconnecting from /dev/ttyUSB0...
2022-10-04T02:16:15 INFO Connection closed!
2022-10-04T02:16:15 INFO Connecting to /dev/ttyUSB0...
2022-10-04T02:16:15 INFO Connection established!
2022-10-04T02:21:54 ERROR Could not read house, reason: Modbus Error: [Input/Output] Modbus Error: [Invalid Message] No response received, expected at least 2 bytes (0 received)
2022-10-04T02:21:54 INFO Reconnecting after a bad response...
2022-10-04T02:21:54 INFO Disconnecting from /dev/ttyUSB0...
2022-10-04T02:21:54 INFO Connection closed!
2022-10-04T02:21:54 INFO Connecting to /dev/ttyUSB0...
2022-10-04T02:21:54 INFO Connection established!
2022-10-04T02:47:22 ERROR Could not read old-pv, reason: Modbus Error: [Input/Output] Modbus Error: [Invalid Message] No response received, expected at least 2 bytes (0 received)
2022-10-04T02:47:22 INFO Reconnecting after a bad response...
2022-10-04T02:47:22 INFO Disconnecting from /dev/ttyUSB0...
2022-10-04T02:47:22 INFO Connection closed!
2022-10-04T02:47:22 INFO Connecting to /dev/ttyUSB0...
2022-10-04T02:47:22 INFO Connection established!
2022-10-04T03:02:35 ERROR Could not read old-pv, reason: Modbus Error: [Input/Output] Modbus Error: [Invalid Message] No response received, expected at least 2 bytes (0 received)
2022-10-04T03:02:35 INFO Reconnecting after a bad response...
2022-10-04T03:02:35 INFO Disconnecting from /dev/ttyUSB0...
2022-10-04T03:02:35 INFO Connection closed!
2022-10-04T03:02:35 INFO Connecting to /dev/ttyUSB0...
2022-10-04T03:02:35 INFO Connection established!
2022-10-04T03:27:01 ERROR Could not read old-pv, reason: Modbus Error: [Input/Output] Modbus Error: [Invalid Message] No response received, expected at least 2 bytes (0 received)
2022-10-04T03:27:01 INFO Reconnecting after a bad response...
2022-10-04T03:27:01 INFO Disconnecting from /dev/ttyUSB0...
2022-10-04T03:27:01 INFO Connection closed!
2022-10-04T03:27:01 INFO Connecting to /dev/ttyUSB0...
2022-10-04T03:27:01 INFO Connection established!
2022-10-04T03:43:26 ERROR Could not read house, reason: Modbus Error: [Input/Output] Modbus Error: [Invalid Message] No response received, expected at least 2 bytes (0 received)
2022-10-04T03:43:26 INFO Reconnecting after a bad response...
2022-10-04T03:43:26 INFO Disconnecting from /dev/ttyUSB0...
2022-10-04T03:43:26 INFO Connection closed!
2022-10-04T03:43:26 INFO Connecting to /dev/ttyUSB0...
2022-10-04T03:43:26 INFO Connection established!
2022-10-04T03:57:41 ERROR Could not read house, reason: Modbus Error: [Input/Output] Modbus Error: [Invalid Message] No response received, expected at least 2 bytes (0 received)
2022-10-04T03:57:41 INFO Reconnecting after a bad response...
2022-10-04T03:57:41 INFO Disconnecting from /dev/ttyUSB0...
2022-10-04T03:57:41 INFO Connection closed!
2022-10-04T03:57:41 INFO Connecting to /dev/ttyUSB0...
2022-10-04T03:57:41 INFO Connection established!
2022-10-04T04:00:42 ERROR Could not read old-pv, reason: Modbus Error: [Input/Output] Modbus Error: [Invalid Message] No response received, expected at least 2 bytes (0 received)
2022-10-04T04:00:42 INFO Reconnecting after a bad response...
2022-10-04T04:00:42 INFO Disconnecting from /dev/ttyUSB0...
2022-10-04T04:00:42 INFO Connection closed!
2022-10-04T04:00:42 INFO Connecting to /dev/ttyUSB0...
2022-10-04T04:00:42 INFO Connection established!
2022-10-04T04:09:18 ERROR Could not read house, reason: Modbus Error: [Input/Output] Modbus Error: [Invalid Message] No response received, expected at least 2 bytes (0 received)
2022-10-04T04:09:18 INFO Reconnecting after a bad response...
2022-10-04T04:09:18 INFO Disconnecting from /dev/ttyUSB0...
2022-10-04T04:09:18 INFO Connection closed!
2022-10-04T04:09:18 INFO Connecting to /dev/ttyUSB0...
2022-10-04T04:09:18 INFO Connection established!
2022-10-04T04:13:48 ERROR Could not read old-pv, reason: Modbus Error: [Input/Output] Modbus Error: [Invalid Message] No response received, expected at least 2 bytes (0 received)
2022-10-04T04:13:48 INFO Reconnecting after a bad response...
2022-10-04T04:13:48 INFO Disconnecting from /dev/ttyUSB0...
2022-10-04T04:13:48 INFO Connection closed!
2022-10-04T04:13:48 INFO Connecting to /dev/ttyUSB0...
2022-10-04T04:13:48 INFO Connection established!
2022-10-04T04:23:02 ERROR Could not read old-pv, reason: Modbus Error: [Input/Output] Modbus Error: [Invalid Message] No response received, expected at least 2 bytes (0 received)
2022-10-04T04:23:02 INFO Reconnecting after a bad response...
2022-10-04T04:23:02 INFO Disconnecting from /dev/ttyUSB0...
2022-10-04T04:23:02 INFO Connection closed!
2022-10-04T04:23:02 INFO Connecting to /dev/ttyUSB0...
2022-10-04T04:23:02 INFO Connection established!
2022-10-04T04:34:47 ERROR Could not read house, reason: Modbus Error: [Input/Output] Modbus Error: [Invalid Message] No response received, expected at least 2 bytes (0 received)
2022-10-04T04:34:47 INFO Reconnecting after a bad response...
2022-10-04T04:34:47 INFO Disconnecting from /dev/ttyUSB0...
2022-10-04T04:34:47 INFO Connection closed!
2022-10-04T04:34:47 INFO Connecting to /dev/ttyUSB0...
2022-10-04T04:34:47 INFO Connection established!
2022-10-04T05:53:20 ERROR Could not read old-pv, reason: Modbus Error: [Input/Output] Modbus Error: [Invalid Message] No response received, expected at least 2 bytes (0 received)
2022-10-04T05:53:20 INFO Reconnecting after a bad response...
2022-10-04T05:53:20 INFO Disconnecting from /dev/ttyUSB0...
2022-10-04T05:53:20 INFO Connection closed!
2022-10-04T05:53:20 INFO Connecting to /dev/ttyUSB0...
2022-10-04T05:53:20 INFO Connection established!
2022-10-04T05:56:56 ERROR Could not read house, reason: Modbus Error: [Input/Output] Modbus Error: [Invalid Message] No response received, expected at least 2 bytes (0 received)
2022-10-04T05:56:56 INFO Reconnecting after a bad response...
2022-10-04T05:56:56 INFO Disconnecting from /dev/ttyUSB0...
2022-10-04T05:56:56 INFO Connection closed!
2022-10-04T05:56:56 INFO Connecting to /dev/ttyUSB0...
2022-10-04T05:56:56 INFO Connection established!
2022-10-04T06:08:07 ERROR Could not read old-pv, reason: Modbus Error: [Input/Output] Modbus Error: [Invalid Message] No response received, expected at least 2 bytes (0 received)
2022-10-04T06:08:07 INFO Reconnecting after a bad response...
2022-10-04T06:08:07 INFO Disconnecting from /dev/ttyUSB0...
2022-10-04T06:08:07 INFO Connection closed!
2022-10-04T06:08:07 INFO Connecting to /dev/ttyUSB0...
2022-10-04T06:08:07 INFO Connection established!
2022-10-04T06:27:37 ERROR Could not read old-pv, reason: Modbus Error: [Input/Output] Modbus Error: [Invalid Message] No response received, expected at least 2 bytes (0 received)
2022-10-04T06:27:37 INFO Reconnecting after a bad response...
2022-10-04T06:27:37 INFO Disconnecting from /dev/ttyUSB0...
2022-10-04T06:27:37 INFO Connection closed!
2022-10-04T06:27:37 INFO Connecting to /dev/ttyUSB0...
2022-10-04T06:27:37 INFO Connection established!
2022-10-04T06:34:12 ERROR Could not read old-pv, reason: Modbus Error: [Input/Output] Modbus Error: [Invalid Message] No response received, expected at least 2 bytes (0 received)
2022-10-04T06:34:12 INFO Reconnecting after a bad response...
2022-10-04T06:34:12 INFO Disconnecting from /dev/ttyUSB0...
2022-10-04T06:34:12 INFO Connection closed!
2022-10-04T06:34:12 INFO Connecting to /dev/ttyUSB0...
2022-10-04T06:34:12 INFO Connection established!
2022-10-04T06:52:40 ERROR Could not read house, reason: Modbus Error: [Input/Output] Modbus Error: [Invalid Message] No response received, expected at least 2 bytes (0 received)
2022-10-04T06:52:40 INFO Reconnecting after a bad response...
2022-10-04T06:52:40 INFO Disconnecting from /dev/ttyUSB0...
2022-10-04T06:52:40 INFO Connection closed!
2022-10-04T06:52:40 INFO Connecting to /dev/ttyUSB0...
2022-10-04T06:52:40 INFO Connection established!
2022-10-04T07:04:24 ERROR Could not read old-pv, reason: Modbus Error: [Input/Output] Modbus Error: [Invalid Message] No response received, expected at least 2 bytes (0 received)
2022-10-04T07:04:24 INFO Reconnecting after a bad response...
2022-10-04T07:04:24 INFO Disconnecting from /dev/ttyUSB0...
2022-10-04T07:04:24 INFO Connection closed!
2022-10-04T07:04:24 INFO Connecting to /dev/ttyUSB0...
2022-10-04T07:04:24 INFO Connection established!
2022-10-04T07:08:31 ERROR Could not read house, reason: Modbus Error: [Input/Output] Modbus Error: [Invalid Message] No response received, expected at least 2 bytes (0 received)
2022-10-04T07:08:31 INFO Reconnecting after a bad response...
2022-10-04T07:08:31 INFO Disconnecting from /dev/ttyUSB0...
2022-10-04T07:08:31 INFO Connection closed!
2022-10-04T07:08:31 INFO Connecting to /dev/ttyUSB0...
2022-10-04T07:08:31 INFO Connection established!
2022-10-04T07:26:18 ERROR Could not read old-pv, reason: Modbus Error: [Input/Output] Modbus Error: [Invalid Message] No response received, expected at least 2 bytes (0 received)
2022-10-04T07:26:18 INFO Reconnecting after a bad response...
2022-10-04T07:26:18 INFO Disconnecting from /dev/ttyUSB0...
2022-10-04T07:26:18 INFO Connection closed!
2022-10-04T07:26:18 INFO Connecting to /dev/ttyUSB0...
2022-10-04T07:26:18 INFO Connection established!
2022-10-04T07:40:05 ERROR Could not read house, reason: Modbus Error: [Input/Output] Modbus Error: [Invalid Message] No response received, expected at least 2 bytes (0 received)
2022-10-04T07:40:05 INFO Reconnecting after a bad response...
2022-10-04T07:40:05 INFO Disconnecting from /dev/ttyUSB0...
2022-10-04T07:40:05 INFO Connection closed!
2022-10-04T07:40:05 INFO Connecting to /dev/ttyUSB0...
2022-10-04T07:40:05 INFO Connection established!
2022-10-04T07:56:56 ERROR Could not read house, reason: Modbus Error: [Input/Output] Modbus Error: [Invalid Message] No response received, expected at least 2 bytes (0 received)
2022-10-04T07:56:56 INFO Reconnecting after a bad response...
2022-10-04T07:56:56 INFO Disconnecting from /dev/ttyUSB0...
2022-10-04T07:56:56 INFO Connection closed!
2022-10-04T07:56:56 INFO Connecting to /dev/ttyUSB0...
2022-10-04T07:56:56 INFO Connection established!
2022-10-04T08:12:22 ERROR Could not read house, reason: Modbus Error: [Input/Output] Modbus Error: [Invalid Message] No response received, expected at least 2 bytes (0 received)
2022-10-04T08:12:22 INFO Reconnecting after a bad response...
2022-10-04T08:12:22 INFO Disconnecting from /dev/ttyUSB0...
2022-10-04T08:12:22 INFO Connection closed!
2022-10-04T08:12:22 INFO Connecting to /dev/ttyUSB0...
2022-10-04T08:12:22 INFO Connection established!
2022-10-04T08:14:53 ERROR Could not read old-pv, reason: Modbus Error: [Input/Output] Modbus Error: [Invalid Message] No response received, expected at least 2 bytes (0 received)
2022-10-04T08:14:53 INFO Reconnecting after a bad response...
2022-10-04T08:14:53 INFO Disconnecting from /dev/ttyUSB0...
2022-10-04T08:14:53 INFO Connection closed!
2022-10-04T08:14:53 INFO Connecting to /dev/ttyUSB0...
2022-10-04T08:14:53 INFO Connection established!
2022-10-04T08:39:30 ERROR Could not read house, reason: Modbus Error: [Input/Output] Modbus Error: [Invalid Message] No response received, expected at least 2 bytes (0 received)
2022-10-04T08:39:30 INFO Reconnecting after a bad response...
2022-10-04T08:39:30 INFO Disconnecting from /dev/ttyUSB0...
2022-10-04T08:39:30 INFO Connection closed!
2022-10-04T08:39:30 INFO Connecting to /dev/ttyUSB0...
2022-10-04T08:39:30 INFO Connection established!
2022-10-04T08:46:37 ERROR Could not read old-pv, reason: Modbus Error: [Input/Output] Modbus Error: [Invalid Message] No response received, expected at least 2 bytes (0 received)
2022-10-04T08:46:37 INFO Reconnecting after a bad response...
2022-10-04T08:46:37 INFO Disconnecting from /dev/ttyUSB0...
2022-10-04T08:46:37 INFO Connection closed!
2022-10-04T08:46:37 INFO Connecting to /dev/ttyUSB0...
2022-10-04T08:46:37 INFO Connection established!
2022-10-04T08:55:22 ERROR Could not read house, reason: Modbus Error: [Input/Output] Modbus Error: [Invalid Message] No response received, expected at least 2 bytes (0 received)
2022-10-04T08:55:22 INFO Reconnecting after a bad response...
2022-10-04T08:55:22 INFO Disconnecting from /dev/ttyUSB0...
2022-10-04T08:55:22 INFO Connection closed!
2022-10-04T08:55:22 INFO Connecting to /dev/ttyUSB0...
2022-10-04T08:55:22 INFO Connection established!
2022-10-04T09:08:07 ERROR Could not read old-pv, reason: Modbus Error: [Input/Output] Modbus Error: [Invalid Message] No response received, expected at least 2 bytes (0 received)
2022-10-04T09:08:07 INFO Reconnecting after a bad response...
2022-10-04T09:08:07 INFO Disconnecting from /dev/ttyUSB0...
2022-10-04T09:08:07 INFO Connection closed!
2022-10-04T09:08:07 INFO Connecting to /dev/ttyUSB0...
2022-10-04T09:08:07 INFO Connection established!
2022-10-04T09:18:21 ERROR Could not read old-pv, reason: Modbus Error: [Input/Output] Modbus Error: [Invalid Message] No response received, expected at least 2 bytes (0 received)
2022-10-04T09:18:21 INFO Reconnecting after a bad response...
2022-10-04T09:18:21 INFO Disconnecting from /dev/ttyUSB0...
2022-10-04T09:18:21 INFO Connection closed!
2022-10-04T09:18:21 INFO Connecting to /dev/ttyUSB0...
2022-10-04T09:18:21 INFO Connection established!
2022-10-04T09:43:31 ERROR Could not read house, reason: Modbus Error: [Input/Output] Modbus Error: [Invalid Message] No response received, expected at least 2 bytes (0 received)
2022-10-04T09:43:31 INFO Reconnecting after a bad response...
2022-10-04T09:43:31 INFO Disconnecting from /dev/ttyUSB0...
2022-10-04T09:43:31 INFO Connection closed!
2022-10-04T09:43:31 INFO Connecting to /dev/ttyUSB0...
2022-10-04T09:43:31 INFO Connection established!
2022-10-04T09:43:59 ERROR Could not read old-pv, reason: Modbus Error: [Input/Output] Modbus Error: [Invalid Message] No response received, expected at least 2 bytes (0 received)
2022-10-04T09:43:59 INFO Reconnecting after a bad response...
2022-10-04T09:43:59 INFO Disconnecting from /dev/ttyUSB0...
2022-10-04T09:43:59 INFO Connection closed!
2022-10-04T09:43:59 INFO Connecting to /dev/ttyUSB0...
2022-10-04T09:43:59 INFO Connection established!
2022-10-04T09:58:51 ERROR Could not read house, reason: Modbus Error: [Input/Output] Modbus Error: [Invalid Message] No response received, expected at least 2 bytes (0 received)
2022-10-04T09:58:51 INFO Reconnecting after a bad response...
2022-10-04T09:58:51 INFO Disconnecting from /dev/ttyUSB0...
2022-10-04T09:58:51 INFO Connection closed!
2022-10-04T09:58:51 INFO Connecting to /dev/ttyUSB0...
2022-10-04T09:58:51 INFO Connection established!
2022-10-04T10:13:37 ERROR Could not read old-pv, reason: Modbus Error: [Input/Output] Modbus Error: [Invalid Message] No response received, expected at least 2 bytes (0 received)
2022-10-04T10:13:37 INFO Reconnecting after a bad response...
2022-10-04T10:13:37 INFO Disconnecting from /dev/ttyUSB0...
2022-10-04T10:13:37 INFO Connection closed!
2022-10-04T10:13:37 INFO Connecting to /dev/ttyUSB0...
2022-10-04T10:13:37 INFO Connection established!
2022-10-04T10:47:29 ERROR Could not read house, reason: Modbus Error: [Input/Output] Modbus Error: [Invalid Message] No response received, expected at least 2 bytes (0 received)
2022-10-04T10:47:29 INFO Reconnecting after a bad response...
2022-10-04T10:47:29 INFO Disconnecting from /dev/ttyUSB0...
2022-10-04T10:47:29 INFO Connection closed!
2022-10-04T10:47:29 INFO Connecting to /dev/ttyUSB0...
2022-10-04T10:47:29 INFO Connection established!
2022-10-04T10:52:33 ERROR Could not read old-pv, reason: Modbus Error: [Input/Output] Modbus Error: [Invalid Message] No response received, expected at least 2 bytes (0 received)
2022-10-04T10:52:33 INFO Reconnecting after a bad response...
2022-10-04T10:52:33 INFO Disconnecting from /dev/ttyUSB0...
2022-10-04T10:52:33 INFO Connection closed!
2022-10-04T10:52:33 INFO Connecting to /dev/ttyUSB0...
2022-10-04T10:52:33 INFO Connection established!
2022-10-04T10:59:10 ERROR Could not read house, reason: Modbus Error: [Input/Output] Modbus Error: [Invalid Message] No response received, expected at least 2 bytes (0 received)
2022-10-04T10:59:10 INFO Reconnecting after a bad response...
2022-10-04T10:59:10 INFO Disconnecting from /dev/ttyUSB0...
2022-10-04T10:59:10 INFO Connection closed!
2022-10-04T10:59:10 INFO Connecting to /dev/ttyUSB0...
2022-10-04T10:59:10 INFO Connection established!
2022-10-04T11:20:34 ERROR Could not read house, reason: Modbus Error: [Input/Output] Modbus Error: [Invalid Message] No response received, expected at least 2 bytes (0 received)
2022-10-04T11:20:34 INFO Reconnecting after a bad response...
2022-10-04T11:20:34 INFO Disconnecting from /dev/ttyUSB0...
2022-10-04T11:20:34 INFO Connection closed!
2022-10-04T11:20:34 INFO Connecting to /dev/ttyUSB0...
2022-10-04T11:20:34 INFO Connection established!
2022-10-04T11:26:11 ERROR Could not read house, reason: Modbus Error: [Input/Output] Modbus Error: [Invalid Message] No response received, expected at least 2 bytes (0 received)
2022-10-04T11:26:11 INFO Reconnecting after a bad response...
2022-10-04T11:26:11 INFO Disconnecting from /dev/ttyUSB0...
2022-10-04T11:26:11 INFO Connection closed!
2022-10-04T11:26:11 INFO Connecting to /dev/ttyUSB0...
2022-10-04T11:26:11 INFO Connection established!
2022-10-04T11:47:37 ERROR Could not read old-pv, reason: Modbus Error: [Input/Output] Modbus Error: [Invalid Message] No response received, expected at least 2 bytes (0 received)
2022-10-04T11:47:37 INFO Reconnecting after a bad response...
2022-10-04T11:47:37 INFO Disconnecting from /dev/ttyUSB0...
2022-10-04T11:47:37 INFO Connection closed!
2022-10-04T11:47:37 INFO Connecting to /dev/ttyUSB0...
2022-10-04T11:47:37 INFO Connection established!
2022-10-04T11:48:41 ERROR Could not read house, reason: Modbus Error: [Input/Output] Modbus Error: [Invalid Message] No response received, expected at least 2 bytes (0 received)
2022-10-04T11:48:41 INFO Reconnecting after a bad response...
2022-10-04T11:48:41 INFO Disconnecting from /dev/ttyUSB0...
2022-10-04T11:48:41 INFO Connection closed!
2022-10-04T11:48:41 INFO Connecting to /dev/ttyUSB0...
2022-10-04T11:48:41 INFO Connection established!
2022-10-04T11:51:13 ERROR Could not read old-pv, reason: Modbus Error: [Input/Output] Modbus Error: [Invalid Message] No response received, expected at least 2 bytes (0 received)
2022-10-04T11:51:13 INFO Reconnecting after a bad response...
2022-10-04T11:51:13 INFO Disconnecting from /dev/ttyUSB0...
2022-10-04T11:51:13 INFO Connection closed!
2022-10-04T11:51:13 INFO Connecting to /dev/ttyUSB0...
2022-10-04T11:51:13 INFO Connection established!
2022-10-04T12:06:00 ERROR Could not read old-pv, reason: Modbus Error: [Input/Output] Modbus Error: [Invalid Message] No response received, expected at least 2 bytes (0 received)
2022-10-04T12:06:00 INFO Reconnecting after a bad response...
2022-10-04T12:06:00 INFO Disconnecting from /dev/ttyUSB0...
2022-10-04T12:06:00 INFO Connection closed!
2022-10-04T12:06:00 INFO Connecting to /dev/ttyUSB0...
2022-10-04T12:06:00 INFO Connection established!
2022-10-04T12:23:20 ERROR Could not read old-pv, reason: Modbus Error: [Input/Output] Modbus Error: [Invalid Message] No response received, expected at least 2 bytes (0 received)
2022-10-04T12:23:20 INFO Reconnecting after a bad response...
2022-10-04T12:23:20 INFO Disconnecting from /dev/ttyUSB0...
2022-10-04T12:23:20 INFO Connection closed!
2022-10-04T12:23:20 INFO Connecting to /dev/ttyUSB0...
2022-10-04T12:23:20 INFO Connection established!
2022-10-04T12:31:31 ERROR Could not read old-pv, reason: Modbus Error: [Input/Output] Modbus Error: [Invalid Message] No response received, expected at least 2 bytes (0 received)
2022-10-04T12:31:31 INFO Reconnecting after a bad response...
2022-10-04T12:31:31 INFO Disconnecting from /dev/ttyUSB0...
2022-10-04T12:31:31 INFO Connection closed!
2022-10-04T12:31:31 INFO Connecting to /dev/ttyUSB0...
2022-10-04T12:31:31 INFO Connection established!
2022-10-04T12:34:05 ERROR Could not read old-pv, reason: Modbus Error: [Input/Output] Modbus Error: [Invalid Message] No response received, expected at least 2 bytes (0 received)
2022-10-04T12:34:05 INFO Reconnecting after a bad response...
2022-10-04T12:34:05 INFO Disconnecting from /dev/ttyUSB0...
2022-10-04T12:34:05 INFO Connection closed!
2022-10-04T12:34:05 INFO Connecting to /dev/ttyUSB0...
2022-10-04T12:34:05 INFO Connection established!
2022-10-04T12:53:03 ERROR Could not read old-pv, reason: Modbus Error: [Input/Output] Modbus Error: [Invalid Message] No response received, expected at least 2 bytes (0 received)
2022-10-04T12:53:03 INFO Reconnecting after a bad response...
2022-10-04T12:53:03 INFO Disconnecting from /dev/ttyUSB0...
2022-10-04T12:53:03 INFO Connection closed!
2022-10-04T12:53:03 INFO Connecting to /dev/ttyUSB0...
2022-10-04T12:53:03 INFO Connection established!
2022-10-04T12:59:10 ERROR Could not read old-pv, reason: Modbus Error: [Input/Output] Modbus Error: [Invalid Message] No response received, expected at least 2 bytes (0 received)
2022-10-04T12:59:10 INFO Reconnecting after a bad response...
2022-10-04T12:59:10 INFO Disconnecting from /dev/ttyUSB0...
2022-10-04T12:59:10 INFO Connection closed!
2022-10-04T12:59:10 INFO Connecting to /dev/ttyUSB0...
2022-10-04T12:59:10 INFO Connection established!
2022-10-04T13:11:26 ERROR Could not read house, reason: Modbus Error: [Input/Output] Modbus Error: [Invalid Message] No response received, expected at least 2 bytes (0 received)
2022-10-04T13:11:26 INFO Reconnecting after a bad response...
2022-10-04T13:11:26 INFO Disconnecting from /dev/ttyUSB0...
2022-10-04T13:11:26 INFO Connection closed!
2022-10-04T13:11:26 INFO Connecting to /dev/ttyUSB0...
2022-10-04T13:11:26 INFO Connection established!
2022-10-04T13:14:30 ERROR Could not read house, reason: Modbus Error: [Input/Output] Modbus Error: [Invalid Message] No response received, expected at least 2 bytes (0 received)
2022-10-04T13:14:30 INFO Reconnecting after a bad response...
2022-10-04T13:14:30 INFO Disconnecting from /dev/ttyUSB0...
2022-10-04T13:14:30 INFO Connection closed!
2022-10-04T13:14:30 INFO Connecting to /dev/ttyUSB0...
2022-10-04T13:14:30 INFO Connection established!
2022-10-04T13:40:31 ERROR Could not read old-pv, reason: Modbus Error: [Input/Output] Modbus Error: [Invalid Message] No response received, expected at least 2 bytes (0 received)
2022-10-04T13:40:31 INFO Reconnecting after a bad response...
2022-10-04T13:40:31 INFO Disconnecting from /dev/ttyUSB0...
2022-10-04T13:40:31 INFO Connection closed!
2022-10-04T13:40:31 INFO Connecting to /dev/ttyUSB0...
2022-10-04T13:40:31 INFO Connection established!
2022-10-04T13:49:13 ERROR Could not read old-pv, reason: Modbus Error: [Input/Output] Modbus Error: [Invalid Message] No response received, expected at least 2 bytes (0 received)
2022-10-04T13:49:13 INFO Reconnecting after a bad response...
2022-10-04T13:49:13 INFO Disconnecting from /dev/ttyUSB0...
2022-10-04T13:49:13 INFO Connection closed!
2022-10-04T13:49:13 INFO Connecting to /dev/ttyUSB0...
2022-10-04T13:49:13 INFO Connection established!
2022-10-04T13:52:51 ERROR Could not read house, reason: Modbus Error: [Input/Output] Modbus Error: [Invalid Message] No response received, expected at least 2 bytes (0 received)
2022-10-04T13:52:51 INFO Reconnecting after a bad response...
2022-10-04T13:52:51 INFO Disconnecting from /dev/ttyUSB0...
2022-10-04T13:52:51 INFO Connection closed!
2022-10-04T13:52:51 INFO Connecting to /dev/ttyUSB0...
2022-10-04T13:52:51 INFO Connection established!
2022-10-04T14:03:35 ERROR Could not read house, reason: Modbus Error: [Input/Output] Modbus Error: [Invalid Message] No response received, expected at least 2 bytes (0 received)
2022-10-04T14:03:35 INFO Reconnecting after a bad response...
2022-10-04T14:03:35 INFO Disconnecting from /dev/ttyUSB0...
2022-10-04T14:03:35 INFO Connection closed!
2022-10-04T14:03:35 INFO Connecting to /dev/ttyUSB0...
2022-10-04T14:03:35 INFO Connection established!
2022-10-04T14:16:48 ERROR Could not read old-pv, reason: Modbus Error: [Input/Output] Modbus Error: [Invalid Message] No response received, expected at least 2 bytes (0 received)
2022-10-04T14:16:48 INFO Reconnecting after a bad response...
2022-10-04T14:16:48 INFO Disconnecting from /dev/ttyUSB0...
2022-10-04T14:16:48 INFO Connection closed!
2022-10-04T14:16:48 INFO Connecting to /dev/ttyUSB0...
2022-10-04T14:16:48 INFO Connection established!
2022-10-04T14:21:59 ERROR Could not read house, reason: Modbus Error: [Input/Output] Modbus Error: [Invalid Message] No response received, expected at least 2 bytes (0 received)
2022-10-04T14:21:59 INFO Reconnecting after a bad response...
2022-10-04T14:21:59 INFO Disconnecting from /dev/ttyUSB0...
2022-10-04T14:21:59 INFO Connection closed!
2022-10-04T14:21:59 INFO Connecting to /dev/ttyUSB0...
2022-10-04T14:21:59 INFO Connection established!
2022-10-04T14:34:45 ERROR Could not read house, reason: Modbus Error: [Input/Output] Modbus Error: [Invalid Message] No response received, expected at least 2 bytes (0 received)
2022-10-04T14:34:45 INFO Reconnecting after a bad response...
2022-10-04T14:34:45 INFO Disconnecting from /dev/ttyUSB0...
2022-10-04T14:34:45 INFO Connection closed!
2022-10-04T14:34:45 INFO Connecting to /dev/ttyUSB0...
2022-10-04T14:34:45 INFO Connection established!
2022-10-04T14:35:15 ERROR Could not read house, reason: Modbus Error: [Input/Output] No Response received from the remote unit/Unable to decode response
2022-10-04T14:35:15 INFO Reconnecting after a bad response...
2022-10-04T14:35:15 INFO Disconnecting from /dev/ttyUSB0...
2022-10-04T14:35:15 INFO Connection closed!
2022-10-04T14:35:15 INFO Connecting to /dev/ttyUSB0...
2022-10-04T14:35:15 INFO Connection established!
2022-10-04T14:39:19 ERROR Could not read old-pv, reason: Modbus Error: [Input/Output] Modbus Error: [Invalid Message] No response received, expected at least 2 bytes (0 received)
2022-10-04T14:39:19 INFO Reconnecting after a bad response...
2022-10-04T14:39:19 INFO Disconnecting from /dev/ttyUSB0...
2022-10-04T14:39:19 INFO Connection closed!
2022-10-04T14:39:19 INFO Connecting to /dev/ttyUSB0...
2022-10-04T14:39:19 INFO Connection established!
2022-10-04T14:41:26 ERROR Could not read house, reason: Modbus Error: [Input/Output] Modbus Error: [Invalid Message] No response received, expected at least 2 bytes (0 received)
2022-10-04T14:41:26 INFO Reconnecting after a bad response...
2022-10-04T14:41:26 INFO Disconnecting from /dev/ttyUSB0...
2022-10-04T14:41:26 INFO Connection closed!
2022-10-04T14:41:26 INFO Connecting to /dev/ttyUSB0...
2022-10-04T14:41:26 INFO Connection established!
2022-10-04T14:46:32 ERROR Could not read house, reason: Modbus Error: [Input/Output] Modbus Error: [Invalid Message] No response received, expected at least 2 bytes (0 received)
2022-10-04T14:46:32 INFO Reconnecting after a bad response...
2022-10-04T14:46:32 INFO Disconnecting from /dev/ttyUSB0...
2022-10-04T14:46:32 INFO Connection closed!
2022-10-04T14:46:32 INFO Connecting to /dev/ttyUSB0...
2022-10-04T14:46:32 INFO Connection established!
2022-10-04T14:51:35 ERROR Could not read house, reason: Modbus Error: [Input/Output] Modbus Error: [Invalid Message] No response received, expected at least 2 bytes (0 received)
2022-10-04T14:51:35 INFO Reconnecting after a bad response...
2022-10-04T14:51:35 INFO Disconnecting from /dev/ttyUSB0...
2022-10-04T14:51:35 INFO Connection closed!
2022-10-04T14:51:35 INFO Connecting to /dev/ttyUSB0...
2022-10-04T14:51:35 INFO Connection established!
2022-10-04T14:56:07 ERROR Could not read old-pv, reason: Modbus Error: [Input/Output] Modbus Error: [Invalid Message] No response received, expected at least 2 bytes (0 received)
2022-10-04T14:56:07 INFO Reconnecting after a bad response...
2022-10-04T14:56:07 INFO Disconnecting from /dev/ttyUSB0...
2022-10-04T14:56:07 INFO Connection closed!
2022-10-04T14:56:07 INFO Connecting to /dev/ttyUSB0...
2022-10-04T14:56:07 INFO Connection established!
2022-10-04T15:10:55 ERROR Could not read old-pv, reason: Modbus Error: [Input/Output] Modbus Error: [Invalid Message] No response received, expected at least 2 bytes (0 received)
2022-10-04T15:10:55 INFO Reconnecting after a bad response...
2022-10-04T15:10:55 INFO Disconnecting from /dev/ttyUSB0...
2022-10-04T15:10:55 INFO Connection closed!
2022-10-04T15:10:55 INFO Connecting to /dev/ttyUSB0...
2022-10-04T15:10:55 INFO Connection established!
2022-10-04T15:34:53 ERROR Could not read old-pv, reason: Modbus Error: [Input/Output] Modbus Error: [Invalid Message] No response received, expected at least 2 bytes (0 received)
2022-10-04T15:34:53 INFO Reconnecting after a bad response...
2022-10-04T15:34:53 INFO Disconnecting from /dev/ttyUSB0...
2022-10-04T15:34:53 INFO Connection closed!
2022-10-04T15:34:53 INFO Connecting to /dev/ttyUSB0...
2022-10-04T15:34:53 INFO Connection established!
2022-10-04T15:48:45 ERROR Could not read old-pv, reason: Modbus Error: [Input/Output] Modbus Error: [Invalid Message] No response received, expected at least 2 bytes (0 received)
2022-10-04T15:48:45 INFO Reconnecting after a bad response...
2022-10-04T15:48:45 INFO Disconnecting from /dev/ttyUSB0...
2022-10-04T15:48:45 INFO Connection closed!
2022-10-04T15:48:45 INFO Connecting to /dev/ttyUSB0...
2022-10-04T15:48:45 INFO Connection established!
2022-10-04T16:09:48 ERROR Could not read house, reason: Modbus Error: [Input/Output] Modbus Error: [Invalid Message] No response received, expected at least 2 bytes (0 received)
2022-10-04T16:09:48 INFO Reconnecting after a bad response...
2022-10-04T16:09:48 INFO Disconnecting from /dev/ttyUSB0...
2022-10-04T16:09:48 INFO Connection closed!
2022-10-04T16:09:48 INFO Connecting to /dev/ttyUSB0...
2022-10-04T16:09:48 INFO Connection established!
2022-10-04T16:47:22 ERROR Could not read old-pv, reason: Modbus Error: [Input/Output] Modbus Error: [Invalid Message] No response received, expected at least 2 bytes (0 received)
2022-10-04T16:47:22 INFO Reconnecting after a bad response...
2022-10-04T16:47:22 INFO Disconnecting from /dev/ttyUSB0...
2022-10-04T16:47:22 INFO Connection closed!
2022-10-04T16:47:22 INFO Connecting to /dev/ttyUSB0...
2022-10-04T16:47:22 INFO Connection established!
2022-10-04T17:10:20 ERROR Could not read old-pv, reason: Modbus Error: [Input/Output] Modbus Error: [Invalid Message] No response received, expected at least 2 bytes (0 received)
2022-10-04T17:10:20 INFO Reconnecting after a bad response...
2022-10-04T17:10:20 INFO Disconnecting from /dev/ttyUSB0...
2022-10-04T17:10:20 INFO Connection closed!
2022-10-04T17:10:20 INFO Connecting to /dev/ttyUSB0...
2022-10-04T17:10:20 INFO Connection established!
2022-10-04T17:12:54 ERROR Could not read old-pv, reason: Modbus Error: [Input/Output] Modbus Error: [Invalid Message] No response received, expected at least 2 bytes (0 received)
2022-10-04T17:12:54 INFO Reconnecting after a bad response...
2022-10-04T17:12:54 INFO Disconnecting from /dev/ttyUSB0...
2022-10-04T17:12:54 INFO Connection closed!
2022-10-04T17:12:54 INFO Connecting to /dev/ttyUSB0...
2022-10-04T17:12:54 INFO Connection established!
2022-10-04T17:22:08 ERROR Could not read house, reason: Modbus Error: [Input/Output] Modbus Error: [Invalid Message] No response received, expected at least 2 bytes (0 received)
2022-10-04T17:22:08 INFO Reconnecting after a bad response...
2022-10-04T17:22:08 INFO Disconnecting from /dev/ttyUSB0...
2022-10-04T17:22:08 INFO Connection closed!
2022-10-04T17:22:08 INFO Connecting to /dev/ttyUSB0...
2022-10-04T17:22:08 INFO Connection established!
2022-10-04T17:41:01 ERROR Could not read old-pv, reason: Modbus Error: [Input/Output] Modbus Error: [Invalid Message] No response received, expected at least 2 bytes (0 received)
2022-10-04T17:41:01 INFO Reconnecting after a bad response...
2022-10-04T17:41:01 INFO Disconnecting from /dev/ttyUSB0...
2022-10-04T17:41:01 INFO Connection closed!
2022-10-04T17:41:01 INFO Connecting to /dev/ttyUSB0...
2022-10-04T17:41:01 INFO Connection established!
2022-10-04T18:06:02 ERROR Could not read old-pv, reason: Modbus Error: [Input/Output] Modbus Error: [Invalid Message] No response received, expected at least 2 bytes (0 received)
2022-10-04T18:06:02 INFO Reconnecting after a bad response...
2022-10-04T18:06:02 INFO Disconnecting from /dev/ttyUSB0...
2022-10-04T18:06:02 INFO Connection closed!
2022-10-04T18:06:02 INFO Connecting to /dev/ttyUSB0...
2022-10-04T18:06:02 INFO Connection established!
2022-10-04T18:09:06 ERROR Could not read old-pv, reason: Modbus Error: [Input/Output] Modbus Error: [Invalid Message] No response received, expected at least 2 bytes (0 received)
2022-10-04T18:09:06 INFO Reconnecting after a bad response...
2022-10-04T18:09:06 INFO Disconnecting from /dev/ttyUSB0...
2022-10-04T18:09:06 INFO Connection closed!
2022-10-04T18:09:06 INFO Connecting to /dev/ttyUSB0...
2022-10-04T18:09:06 INFO Connection established!
2022-10-04T18:33:37 ERROR Could not read old-pv, reason: Modbus Error: [Input/Output] Modbus Error: [Invalid Message] No response received, expected at least 2 bytes (0 received)
2022-10-04T18:33:37 INFO Reconnecting after a bad response...
2022-10-04T18:33:37 INFO Disconnecting from /dev/ttyUSB0...
2022-10-04T18:33:37 INFO Connection closed!
2022-10-04T18:33:37 INFO Connecting to /dev/ttyUSB0...
2022-10-04T18:33:37 INFO Connection established!
2022-10-04T18:46:55 ERROR Could not read old-pv, reason: Modbus Error: [Input/Output] Modbus Error: [Invalid Message] No response received, expected at least 2 bytes (0 received)
2022-10-04T18:46:55 INFO Reconnecting after a bad response...
2022-10-04T18:46:55 INFO Disconnecting from /dev/ttyUSB0...
2022-10-04T18:46:55 INFO Connection closed!
2022-10-04T18:46:55 INFO Connecting to /dev/ttyUSB0...
2022-10-04T18:46:55 INFO Connection established!
2022-10-04T18:56:11 ERROR Could not read old-pv, reason: Modbus Error: [Input/Output] Modbus Error: [Invalid Message] No response received, expected at least 2 bytes (0 received)
2022-10-04T18:56:11 INFO Reconnecting after a bad response...
2022-10-04T18:56:11 INFO Disconnecting from /dev/ttyUSB0...
2022-10-04T18:56:11 INFO Connection closed!
2022-10-04T18:56:11 INFO Connecting to /dev/ttyUSB0...
2022-10-04T18:56:11 INFO Connection established!
2022-10-04T19:13:37 ERROR Could not read house, reason: Modbus Error: [Input/Output] Modbus Error: [Invalid Message] No response received, expected at least 2 bytes (0 received)
2022-10-04T19:13:37 INFO Reconnecting after a bad response...
2022-10-04T19:13:37 INFO Disconnecting from /dev/ttyUSB0...
2022-10-04T19:13:37 INFO Connection closed!
2022-10-04T19:13:37 INFO Connecting to /dev/ttyUSB0...
2022-10-04T19:13:37 INFO Connection established!