2022-10-02T17:21:02 INFO Booting...
2022-10-02T17:21:02 INFO Connecting to 192.168.200.1:6607...
2022-10-02T17:21:03 INFO Connection established!
2022-10-02T17:21:05 INFO Connecting to /dev/ttyUSB0...
2022-10-02T17:21:05 INFO Connection established!
2022-10-02T17:26:48 ERROR Could not read old-pv, reason: Modbus Error: [Input/Output] Modbus Error: [Invalid Message] No response received, expected at least 2 bytes (0 received)
2022-10-02T17:26:48 INFO Reconnecting after a bad response...
2022-10-02T17:26:48 INFO Disconnecting from /dev/ttyUSB0...
2022-10-02T17:26:48 INFO Connection closed!
2022-10-02T17:26:48 INFO Connecting to /dev/ttyUSB0...
2022-10-02T17:26:48 INFO Connection established!
2022-10-02T17:33:28 ERROR Could not read old-pv, reason: Modbus Error: [Input/Output] Modbus Error: [Invalid Message] No response received, expected at least 2 bytes (0 received)
2022-10-02T17:33:28 INFO Reconnecting after a bad response...
2022-10-02T17:33:28 INFO Disconnecting from /dev/ttyUSB0...
2022-10-02T17:33:28 INFO Connection closed!
2022-10-02T17:33:28 INFO Connecting to /dev/ttyUSB0...
2022-10-02T17:33:28 INFO Connection established!
2022-10-02T17:46:17 ERROR Could not read old-pv, reason: Modbus Error: [Input/Output] Modbus Error: [Invalid Message] No response received, expected at least 2 bytes (0 received)
2022-10-02T17:46:17 INFO Reconnecting after a bad response...
2022-10-02T17:46:17 INFO Disconnecting from /dev/ttyUSB0...
2022-10-02T17:46:17 INFO Connection closed!
2022-10-02T17:46:17 INFO Connecting to /dev/ttyUSB0...
2022-10-02T17:46:17 INFO Connection established!
2022-10-02T17:56:30 ERROR Could not read old-pv, reason: Modbus Error: [Input/Output] Modbus Error: [Invalid Message] No response received, expected at least 2 bytes (0 received)
2022-10-02T17:56:30 INFO Reconnecting after a bad response...
2022-10-02T17:56:30 INFO Disconnecting from /dev/ttyUSB0...
2022-10-02T17:56:30 INFO Connection closed!
2022-10-02T17:56:30 INFO Connecting to /dev/ttyUSB0...
2022-10-02T17:56:30 INFO Connection established!
2022-10-02T18:12:57 ERROR Could not read house, reason: Modbus Error: [Input/Output] Modbus Error: [Invalid Message] No response received, expected at least 2 bytes (0 received)
2022-10-02T18:12:57 INFO Reconnecting after a bad response...
2022-10-02T18:12:57 INFO Disconnecting from /dev/ttyUSB0...
2022-10-02T18:12:57 INFO Connection closed!
2022-10-02T18:12:57 INFO Connecting to /dev/ttyUSB0...
2022-10-02T18:12:57 INFO Connection established!
2022-10-02T18:46:47 ERROR Could not read house, reason: Modbus Error: [Input/Output] Modbus Error: [Invalid Message] No response received, expected at least 2 bytes (0 received)
2022-10-02T18:46:47 INFO Reconnecting after a bad response...
2022-10-02T18:46:47 INFO Disconnecting from /dev/ttyUSB0...
2022-10-02T18:46:47 INFO Connection closed!
2022-10-02T18:46:47 INFO Connecting to /dev/ttyUSB0...
2022-10-02T18:46:47 INFO Connection established!
2022-10-02T19:00:07 ERROR Could not read old-pv, reason: Modbus Error: [Input/Output] Modbus Error: [Invalid Message] No response received, expected at least 2 bytes (0 received)
2022-10-02T19:00:07 INFO Reconnecting after a bad response...
2022-10-02T19:00:07 INFO Disconnecting from /dev/ttyUSB0...
2022-10-02T19:00:07 INFO Connection closed!
2022-10-02T19:00:07 INFO Connecting to /dev/ttyUSB0...
2022-10-02T19:00:07 INFO Connection established!
2022-10-02T19:03:43 ERROR Could not read old-pv, reason: Modbus Error: [Input/Output] Modbus Error: [Invalid Message] No response received, expected at least 2 bytes (0 received)
2022-10-02T19:03:43 INFO Reconnecting after a bad response...
2022-10-02T19:03:43 INFO Disconnecting from /dev/ttyUSB0...
2022-10-02T19:03:43 INFO Connection closed!
2022-10-02T19:03:43 INFO Connecting to /dev/ttyUSB0...
2022-10-02T19:03:43 INFO Connection established!
2022-10-02T19:29:52 ERROR Could not read old-pv, reason: Modbus Error: [Input/Output] Modbus Error: [Invalid Message] No response received, expected at least 2 bytes (0 received)
2022-10-02T19:29:52 INFO Reconnecting after a bad response...
2022-10-02T19:29:52 INFO Disconnecting from /dev/ttyUSB0...
2022-10-02T19:29:52 INFO Connection closed!
2022-10-02T19:29:52 INFO Connecting to /dev/ttyUSB0...
2022-10-02T19:29:53 INFO Connection established!
2022-10-02T19:32:59 ERROR Could not read house, reason: Modbus Error: [Input/Output] Modbus Error: [Invalid Message] No response received, expected at least 2 bytes (0 received)
2022-10-02T19:32:59 INFO Reconnecting after a bad response...
2022-10-02T19:32:59 INFO Disconnecting from /dev/ttyUSB0...
2022-10-02T19:32:59 INFO Connection closed!
2022-10-02T19:32:59 INFO Connecting to /dev/ttyUSB0...
2022-10-02T19:32:59 INFO Connection established!
2022-10-02T19:49:54 ERROR Could not read house, reason: Modbus Error: [Input/Output] Modbus Error: [Invalid Message] No response received, expected at least 2 bytes (0 received)
2022-10-02T19:49:54 INFO Reconnecting after a bad response...
2022-10-02T19:49:54 INFO Disconnecting from /dev/ttyUSB0...
2022-10-02T19:49:54 INFO Connection closed!
2022-10-02T19:49:54 INFO Connecting to /dev/ttyUSB0...
2022-10-02T19:49:54 INFO Connection established!
2022-10-02T20:08:21 ERROR Could not read old-pv, reason: Modbus Error: [Input/Output] Modbus Error: [Invalid Message] No response received, expected at least 2 bytes (0 received)
2022-10-02T20:08:21 INFO Reconnecting after a bad response...
2022-10-02T20:08:21 INFO Disconnecting from /dev/ttyUSB0...
2022-10-02T20:08:21 INFO Connection closed!
2022-10-02T20:08:21 INFO Connecting to /dev/ttyUSB0...
2022-10-02T20:08:21 INFO Connection established!
2022-10-02T20:30:27 ERROR Could not read house, reason: Modbus Error: [Input/Output] Modbus Error: [Invalid Message] No response received, expected at least 2 bytes (0 received)
2022-10-02T20:30:27 INFO Reconnecting after a bad response...
2022-10-02T20:30:27 INFO Disconnecting from /dev/ttyUSB0...
2022-10-02T20:30:27 INFO Connection closed!
2022-10-02T20:30:27 INFO Connecting to /dev/ttyUSB0...
2022-10-02T20:30:27 INFO Connection established!
2022-10-02T20:34:32 ERROR Could not read old-pv, reason: Modbus Error: [Input/Output] Modbus Error: [Invalid Message] No response received, expected at least 2 bytes (0 received)
2022-10-02T20:34:32 INFO Reconnecting after a bad response...
2022-10-02T20:34:32 INFO Disconnecting from /dev/ttyUSB0...
2022-10-02T20:34:32 INFO Connection closed!
2022-10-02T20:34:32 INFO Connecting to /dev/ttyUSB0...
2022-10-02T20:34:32 INFO Connection established!
2022-10-02T20:36:36 ERROR Could not read old-pv, reason: Modbus Error: [Input/Output] Modbus Error: [Invalid Message] No response received, expected at least 2 bytes (0 received)
2022-10-02T20:36:36 INFO Reconnecting after a bad response...
2022-10-02T20:36:36 INFO Disconnecting from /dev/ttyUSB0...
2022-10-02T20:36:36 INFO Connection closed!
2022-10-02T20:36:36 INFO Connecting to /dev/ttyUSB0...
2022-10-02T20:36:36 INFO Connection established!
2022-10-02T20:42:16 ERROR Could not read house, reason: Modbus Error: [Input/Output] Modbus Error: [Invalid Message] No response received, expected at least 2 bytes (0 received)
2022-10-02T20:42:16 INFO Reconnecting after a bad response...
2022-10-02T20:42:16 INFO Disconnecting from /dev/ttyUSB0...
2022-10-02T20:42:16 INFO Connection closed!
2022-10-02T20:42:16 INFO Connecting to /dev/ttyUSB0...
2022-10-02T20:42:16 INFO Connection established!
2022-10-02T20:53:02 ERROR Could not read old-pv, reason: Modbus Error: [Input/Output] Modbus Error: [Invalid Message] No response received, expected at least 2 bytes (0 received)
2022-10-02T20:53:02 INFO Reconnecting after a bad response...
2022-10-02T20:53:02 INFO Disconnecting from /dev/ttyUSB0...
2022-10-02T20:53:02 INFO Connection closed!
2022-10-02T20:53:02 INFO Connecting to /dev/ttyUSB0...
2022-10-02T20:53:02 INFO Connection established!
2022-10-02T20:53:33 ERROR Could not read old-pv, reason: Modbus Error: [Input/Output] No Response received from the remote unit/Unable to decode response
2022-10-02T20:53:33 INFO Reconnecting after a bad response...
2022-10-02T20:53:33 INFO Disconnecting from /dev/ttyUSB0...
2022-10-02T20:53:33 INFO Connection closed!
2022-10-02T20:53:33 INFO Connecting to /dev/ttyUSB0...
2022-10-02T20:53:33 INFO Connection established!
2022-10-02T21:08:25 ERROR Could not read old-pv, reason: Modbus Error: [Input/Output] Modbus Error: [Invalid Message] No response received, expected at least 2 bytes (0 received)
2022-10-02T21:08:25 INFO Reconnecting after a bad response...
2022-10-02T21:08:25 INFO Disconnecting from /dev/ttyUSB0...
2022-10-02T21:08:25 INFO Connection closed!
2022-10-02T21:08:25 INFO Connecting to /dev/ttyUSB0...
2022-10-02T21:08:25 INFO Connection established!
2022-10-02T21:48:28 ERROR Could not read old-pv, reason: Modbus Error: [Input/Output] Modbus Error: [Invalid Message] No response received, expected at least 2 bytes (0 received)
2022-10-02T21:48:28 INFO Reconnecting after a bad response...
2022-10-02T21:48:28 INFO Disconnecting from /dev/ttyUSB0...
2022-10-02T21:48:28 INFO Connection closed!
2022-10-02T21:48:28 INFO Connecting to /dev/ttyUSB0...
2022-10-02T21:48:28 INFO Connection established!
2022-10-02T22:04:23 ERROR Could not read house, reason: Modbus Error: [Input/Output] Modbus Error: [Invalid Message] No response received, expected at least 2 bytes (0 received)
2022-10-02T22:04:23 INFO Reconnecting after a bad response...
2022-10-02T22:04:23 INFO Disconnecting from /dev/ttyUSB0...
2022-10-02T22:04:23 INFO Connection closed!
2022-10-02T22:04:23 INFO Connecting to /dev/ttyUSB0...
2022-10-02T22:04:23 INFO Connection established!
2022-10-02T22:06:25 ERROR Could not read old-pv, reason: Modbus Error: [Input/Output] Modbus Error: [Invalid Message] No response received, expected at least 2 bytes (0 received)
2022-10-02T22:06:25 INFO Reconnecting after a bad response...
2022-10-02T22:06:25 INFO Disconnecting from /dev/ttyUSB0...
2022-10-02T22:06:25 INFO Connection closed!
2022-10-02T22:06:25 INFO Connecting to /dev/ttyUSB0...
2022-10-02T22:06:25 INFO Connection established!
2022-10-02T22:13:07 ERROR Could not read house, reason: Modbus Error: [Input/Output] Modbus Error: [Invalid Message] No response received, expected at least 2 bytes (0 received)
2022-10-02T22:13:07 INFO Reconnecting after a bad response...
2022-10-02T22:13:07 INFO Disconnecting from /dev/ttyUSB0...
2022-10-02T22:13:07 INFO Connection closed!
2022-10-02T22:13:07 INFO Connecting to /dev/ttyUSB0...
2022-10-02T22:13:07 INFO Connection established!
2022-10-02T22:25:27 ERROR Could not read house, reason: Modbus Error: [Input/Output] Modbus Error: [Invalid Message] No response received, expected at least 2 bytes (0 received)
2022-10-02T22:25:27 INFO Reconnecting after a bad response...
2022-10-02T22:25:27 INFO Disconnecting from /dev/ttyUSB0...
2022-10-02T22:25:27 INFO Connection closed!
2022-10-02T22:25:27 INFO Connecting to /dev/ttyUSB0...
2022-10-02T22:25:27 INFO Connection established!
2022-10-02T22:35:13 ERROR Could not read house, reason: Modbus Error: [Input/Output] Modbus Error: [Invalid Message] No response received, expected at least 2 bytes (0 received)
2022-10-02T22:35:13 INFO Reconnecting after a bad response...
2022-10-02T22:35:13 INFO Disconnecting from /dev/ttyUSB0...
2022-10-02T22:35:13 INFO Connection closed!
2022-10-02T22:35:13 INFO Connecting to /dev/ttyUSB0...
2022-10-02T22:35:13 INFO Connection established!
2022-10-02T22:36:13 ERROR Could not read old-pv, reason: Modbus Error: [Input/Output] Modbus Error: [Invalid Message] No response received, expected at least 2 bytes (0 received)
2022-10-02T22:36:13 INFO Reconnecting after a bad response...
2022-10-02T22:36:13 INFO Disconnecting from /dev/ttyUSB0...
2022-10-02T22:36:13 INFO Connection closed!
2022-10-02T22:36:13 INFO Connecting to /dev/ttyUSB0...
2022-10-02T22:36:13 INFO Connection established!
2022-10-02T22:49:01 ERROR Could not read old-pv, reason: Modbus Error: [Input/Output] Modbus Error: [Invalid Message] No response received, expected at least 2 bytes (0 received)
2022-10-02T22:49:01 INFO Reconnecting after a bad response...
2022-10-02T22:49:01 INFO Disconnecting from /dev/ttyUSB0...
2022-10-02T22:49:01 INFO Connection closed!
2022-10-02T22:49:01 INFO Connecting to /dev/ttyUSB0...
2022-10-02T22:49:01 INFO Connection established!
2022-10-02T22:51:05 ERROR Could not read old-pv, reason: Modbus Error: [Input/Output] Modbus Error: [Invalid Message] No response received, expected at least 2 bytes (0 received)
2022-10-02T22:51:05 INFO Reconnecting after a bad response...
2022-10-02T22:51:05 INFO Disconnecting from /dev/ttyUSB0...
2022-10-02T22:51:05 INFO Connection closed!
2022-10-02T22:51:05 INFO Connecting to /dev/ttyUSB0...
2022-10-02T22:51:05 INFO Connection established!
2022-10-02T23:02:20 INFO Received a shutdown request...
2022-10-02T23:02:23 ERROR Could not write to EmonCMS, reason: HTTPConnectionPool(host='127.0.0.1', port=80): Max retries exceeded with url: /input/post.json (Caused by NewConnectionError('<urllib3.connection.HTTPConnection object at 0xb59a9ff0>: Failed to establish a new connection: [Errno 111] Connection refused'))
2022-10-02T23:02:23 INFO Shutting down...
2022-10-02T23:02:23 INFO Disconnecting from 192.168.200.1:6607...
2022-10-02T23:02:23 INFO Connection closed!
2022-10-02T23:02:23 INFO Disconnecting from /dev/ttyUSB0...
2022-10-02T23:02:23 INFO Connection closed!
2022-10-02T23:02:23 INFO Exiting...
2022-10-02T23:02:54 INFO Booting...
2022-10-02T23:02:54 INFO Connecting to 192.168.200.1:6607...
2022-10-02T23:02:55 INFO Connection established!
2022-10-02T23:02:57 INFO Connecting to /dev/ttyUSB0...
2022-10-02T23:02:57 INFO Connection established!
2022-10-02T23:06:06 ERROR Could not read old-pv, reason: Modbus Error: [Input/Output] Modbus Error: [Invalid Message] No response received, expected at least 2 bytes (0 received)
2022-10-02T23:06:06 INFO Reconnecting after a bad response...
2022-10-02T23:06:06 INFO Disconnecting from /dev/ttyUSB0...
2022-10-02T23:06:06 INFO Connection closed!
2022-10-02T23:06:06 INFO Connecting to /dev/ttyUSB0...
2022-10-02T23:06:06 INFO Connection established!
2022-10-02T23:18:23 ERROR Could not read house, reason: Modbus Error: [Input/Output] Modbus Error: [Invalid Message] No response received, expected at least 2 bytes (0 received)
2022-10-02T23:18:23 INFO Reconnecting after a bad response...
2022-10-02T23:18:23 INFO Disconnecting from /dev/ttyUSB0...
2022-10-02T23:18:23 INFO Connection closed!
2022-10-02T23:18:23 INFO Connecting to /dev/ttyUSB0...
2022-10-02T23:18:23 INFO Connection established!
2022-10-02T23:29:03 ERROR Could not read house, reason: Modbus Error: [Input/Output] Modbus Error: [Invalid Message] No response received, expected at least 2 bytes (0 received)
2022-10-02T23:29:03 INFO Reconnecting after a bad response...
2022-10-02T23:29:03 INFO Disconnecting from /dev/ttyUSB0...
2022-10-02T23:29:03 INFO Connection closed!
2022-10-02T23:29:03 INFO Connecting to /dev/ttyUSB0...
2022-10-02T23:29:03 INFO Connection established!
2022-10-02T23:57:38 ERROR Could not read house, reason: Modbus Error: [Input/Output] Modbus Error: [Invalid Message] No response received, expected at least 2 bytes (0 received)
2022-10-02T23:57:38 INFO Reconnecting after a bad response...
2022-10-02T23:57:38 INFO Disconnecting from /dev/ttyUSB0...
2022-10-02T23:57:38 INFO Connection closed!
2022-10-02T23:57:38 INFO Connecting to /dev/ttyUSB0...
2022-10-02T23:57:38 INFO Connection established!
2022-10-02T23:59:40 ERROR Could not read old-pv, reason: Modbus Error: [Input/Output] Modbus Error: [Invalid Message] No response received, expected at least 2 bytes (0 received)
2022-10-02T23:59:40 INFO Reconnecting after a bad response...
2022-10-02T23:59:40 INFO Disconnecting from /dev/ttyUSB0...
2022-10-02T23:59:40 INFO Connection closed!
2022-10-02T23:59:40 INFO Connecting to /dev/ttyUSB0...
2022-10-02T23:59:40 INFO Connection established!
2022-10-03T00:09:54 ERROR Could not read old-pv, reason: Modbus Error: [Input/Output] Modbus Error: [Invalid Message] No response received, expected at least 2 bytes (0 received)
2022-10-03T00:09:54 INFO Reconnecting after a bad response...
2022-10-03T00:09:54 INFO Disconnecting from /dev/ttyUSB0...
2022-10-03T00:09:54 INFO Connection closed!
2022-10-03T00:09:54 INFO Connecting to /dev/ttyUSB0...
2022-10-03T00:09:54 INFO Connection established!
2022-10-03T00:19:36 ERROR Could not read old-pv, reason: Modbus Error: [Input/Output] Modbus Error: [Invalid Message] No response received, expected at least 2 bytes (0 received)
2022-10-03T00:19:36 INFO Reconnecting after a bad response...
2022-10-03T00:19:36 INFO Disconnecting from /dev/ttyUSB0...
2022-10-03T00:19:36 INFO Connection closed!
2022-10-03T00:19:36 INFO Connecting to /dev/ttyUSB0...
2022-10-03T00:19:36 INFO Connection established!
2022-10-03T00:27:15 ERROR Could not read old-pv, reason: Modbus Error: [Input/Output] Modbus Error: [Invalid Message] No response received, expected at least 2 bytes (0 received)
2022-10-03T00:27:15 INFO Reconnecting after a bad response...
2022-10-03T00:27:15 INFO Disconnecting from /dev/ttyUSB0...
2022-10-03T00:27:15 INFO Connection closed!
2022-10-03T00:27:15 INFO Connecting to /dev/ttyUSB0...
2022-10-03T00:27:15 INFO Connection established!
2022-10-03T00:57:57 ERROR Could not read house, reason: Modbus Error: [Input/Output] Modbus Error: [Invalid Message] No response received, expected at least 2 bytes (0 received)
2022-10-03T00:57:57 INFO Reconnecting after a bad response...
2022-10-03T00:57:57 INFO Disconnecting from /dev/ttyUSB0...
2022-10-03T00:57:57 INFO Connection closed!
2022-10-03T00:57:57 INFO Connecting to /dev/ttyUSB0...
2022-10-03T00:57:57 INFO Connection established!
2022-10-03T00:58:27 ERROR Could not read house, reason: Modbus Error: [Input/Output] No Response received from the remote unit/Unable to decode response
2022-10-03T00:58:27 INFO Reconnecting after a bad response...
2022-10-03T00:58:27 INFO Disconnecting from /dev/ttyUSB0...
2022-10-03T00:58:27 INFO Connection closed!
2022-10-03T00:58:27 INFO Connecting to /dev/ttyUSB0...
2022-10-03T00:58:27 INFO Connection established!
2022-10-03T00:59:29 ERROR Could not read house, reason: Modbus Error: [Input/Output] Modbus Error: [Invalid Message] No response received, expected at least 2 bytes (0 received)
2022-10-03T00:59:29 INFO Reconnecting after a bad response...
2022-10-03T00:59:29 INFO Disconnecting from /dev/ttyUSB0...
2022-10-03T00:59:29 INFO Connection closed!
2022-10-03T00:59:29 INFO Connecting to /dev/ttyUSB0...
2022-10-03T00:59:29 INFO Connection established!
2022-10-03T01:17:50 ERROR Could not read old-pv, reason: Modbus Error: [Input/Output] Modbus Error: [Invalid Message] No response received, expected at least 2 bytes (0 received)
2022-10-03T01:17:50 INFO Reconnecting after a bad response...
2022-10-03T01:17:50 INFO Disconnecting from /dev/ttyUSB0...
2022-10-03T01:17:50 INFO Connection closed!
2022-10-03T01:17:50 INFO Connecting to /dev/ttyUSB0...
2022-10-03T01:17:50 INFO Connection established!
2022-10-03T01:21:53 ERROR Could not read old-pv, reason: Modbus Error: [Input/Output] Modbus Error: [Invalid Message] No response received, expected at least 2 bytes (0 received)
2022-10-03T01:21:53 INFO Reconnecting after a bad response...
2022-10-03T01:21:53 INFO Disconnecting from /dev/ttyUSB0...
2022-10-03T01:21:53 INFO Connection closed!
2022-10-03T01:21:53 INFO Connecting to /dev/ttyUSB0...
2022-10-03T01:21:53 INFO Connection established!
2022-10-03T01:27:01 ERROR Could not read house, reason: Modbus Error: [Input/Output] Modbus Error: [Invalid Message] No response received, expected at least 2 bytes (0 received)
2022-10-03T01:27:01 INFO Reconnecting after a bad response...
2022-10-03T01:27:01 INFO Disconnecting from /dev/ttyUSB0...
2022-10-03T01:27:01 INFO Connection closed!
2022-10-03T01:27:01 INFO Connecting to /dev/ttyUSB0...
2022-10-03T01:27:01 INFO Connection established!
2022-10-03T01:27:31 ERROR Could not read old-pv, reason: Modbus Error: [Input/Output] Modbus Error: [Invalid Message] No response received, expected at least 2 bytes (0 received)
2022-10-03T01:27:31 INFO Reconnecting after a bad response...
2022-10-03T01:27:31 INFO Disconnecting from /dev/ttyUSB0...
2022-10-03T01:27:31 INFO Connection closed!
2022-10-03T01:27:31 INFO Connecting to /dev/ttyUSB0...
2022-10-03T01:27:31 INFO Connection established!
2022-10-03T01:30:36 ERROR Could not read old-pv, reason: Modbus Error: [Input/Output] Modbus Error: [Invalid Message] No response received, expected at least 2 bytes (0 received)
2022-10-03T01:30:36 INFO Reconnecting after a bad response...
2022-10-03T01:30:36 INFO Disconnecting from /dev/ttyUSB0...
2022-10-03T01:30:36 INFO Connection closed!
2022-10-03T01:30:36 INFO Connecting to /dev/ttyUSB0...
2022-10-03T01:30:36 INFO Connection established!
2022-10-03T01:31:38 ERROR Could not read house, reason: Modbus Error: [Input/Output] Modbus Error: [Invalid Message] No response received, expected at least 2 bytes (0 received)
2022-10-03T01:31:38 INFO Reconnecting after a bad response...
2022-10-03T01:31:38 INFO Disconnecting from /dev/ttyUSB0...
2022-10-03T01:31:38 INFO Connection closed!
2022-10-03T01:31:38 INFO Connecting to /dev/ttyUSB0...
2022-10-03T01:31:38 INFO Connection established!
2022-10-03T01:36:46 ERROR Could not read house, reason: Modbus Error: [Input/Output] Modbus Error: [Invalid Message] No response received, expected at least 2 bytes (0 received)
2022-10-03T01:36:46 INFO Reconnecting after a bad response...
2022-10-03T01:36:46 INFO Disconnecting from /dev/ttyUSB0...
2022-10-03T01:36:46 INFO Connection closed!
2022-10-03T01:36:46 INFO Connecting to /dev/ttyUSB0...
2022-10-03T01:36:46 INFO Connection established!
2022-10-03T01:42:24 ERROR Could not read house, reason: Modbus Error: [Input/Output] Modbus Error: [Invalid Message] No response received, expected at least 2 bytes (0 received)
2022-10-03T01:42:24 INFO Reconnecting after a bad response...
2022-10-03T01:42:24 INFO Disconnecting from /dev/ttyUSB0...
2022-10-03T01:42:24 INFO Connection closed!
2022-10-03T01:42:24 INFO Connecting to /dev/ttyUSB0...
2022-10-03T01:42:24 INFO Connection established!
2022-10-03T01:49:03 ERROR Could not read house, reason: Modbus Error: [Input/Output] Modbus Error: [Invalid Message] No response received, expected at least 2 bytes (0 received)
2022-10-03T01:49:03 INFO Reconnecting after a bad response...
2022-10-03T01:49:03 INFO Disconnecting from /dev/ttyUSB0...
2022-10-03T01:49:03 INFO Connection closed!
2022-10-03T01:49:03 INFO Connecting to /dev/ttyUSB0...
2022-10-03T01:49:03 INFO Connection established!
2022-10-03T01:53:39 ERROR Could not read old-pv, reason: Modbus Error: [Input/Output] Modbus Error: [Invalid Message] No response received, expected at least 2 bytes (0 received)
2022-10-03T01:53:39 INFO Reconnecting after a bad response...
2022-10-03T01:53:39 INFO Disconnecting from /dev/ttyUSB0...
2022-10-03T01:53:39 INFO Connection closed!
2022-10-03T01:53:39 INFO Connecting to /dev/ttyUSB0...
2022-10-03T01:53:39 INFO Connection established!
2022-10-03T02:09:00 ERROR Could not read house, reason: Modbus Error: [Input/Output] Modbus Error: [Invalid Message] No response received, expected at least 2 bytes (0 received)
2022-10-03T02:09:00 INFO Reconnecting after a bad response...
2022-10-03T02:09:00 INFO Disconnecting from /dev/ttyUSB0...
2022-10-03T02:09:00 INFO Connection closed!
2022-10-03T02:09:00 INFO Connecting to /dev/ttyUSB0...
2022-10-03T02:09:00 INFO Connection established!
2022-10-03T02:15:37 ERROR Could not read house, reason: Modbus Error: [Input/Output] Modbus Error: [Invalid Message] No response received, expected at least 2 bytes (0 received)
2022-10-03T02:15:37 INFO Reconnecting after a bad response...
2022-10-03T02:15:37 INFO Disconnecting from /dev/ttyUSB0...
2022-10-03T02:15:37 INFO Connection closed!
2022-10-03T02:15:37 INFO Connecting to /dev/ttyUSB0...
2022-10-03T02:15:37 INFO Connection established!
2022-10-03T02:26:24 ERROR Could not read house, reason: Modbus Error: [Input/Output] Modbus Error: [Invalid Message] No response received, expected at least 2 bytes (0 received)
2022-10-03T02:26:24 INFO Reconnecting after a bad response...
2022-10-03T02:26:24 INFO Disconnecting from /dev/ttyUSB0...
2022-10-03T02:26:24 INFO Connection closed!
2022-10-03T02:26:24 INFO Connecting to /dev/ttyUSB0...
2022-10-03T02:26:24 INFO Connection established!
2022-10-03T02:31:29 ERROR Could not read house, reason: Modbus Error: [Input/Output] Modbus Error: [Invalid Message] No response received, expected at least 2 bytes (0 received)
2022-10-03T02:31:29 INFO Reconnecting after a bad response...
2022-10-03T02:31:29 INFO Disconnecting from /dev/ttyUSB0...
2022-10-03T02:31:29 INFO Connection closed!
2022-10-03T02:31:29 INFO Connecting to /dev/ttyUSB0...
2022-10-03T02:31:29 INFO Connection established!
2022-10-03T02:35:03 ERROR Could not read house, reason: Modbus Error: [Input/Output] Modbus Error: [Invalid Message] No response received, expected at least 2 bytes (0 received)
2022-10-03T02:35:03 INFO Reconnecting after a bad response...
2022-10-03T02:35:03 INFO Disconnecting from /dev/ttyUSB0...
2022-10-03T02:35:03 INFO Connection closed!
2022-10-03T02:35:03 INFO Connecting to /dev/ttyUSB0...
2022-10-03T02:35:03 INFO Connection established!
2022-10-03T03:04:36 ERROR Could not read old-pv, reason: Modbus Error: [Input/Output] Modbus Error: [Invalid Message] No response received, expected at least 2 bytes (0 received)
2022-10-03T03:04:36 INFO Reconnecting after a bad response...
2022-10-03T03:04:36 INFO Disconnecting from /dev/ttyUSB0...
2022-10-03T03:04:36 INFO Connection closed!
2022-10-03T03:04:36 INFO Connecting to /dev/ttyUSB0...
2022-10-03T03:04:36 INFO Connection established!
2022-10-03T03:05:08 ERROR Could not read house, reason: Modbus Error: [Input/Output] Modbus Error: [Invalid Message] No response received, expected at least 2 bytes (0 received)
2022-10-03T03:05:08 INFO Reconnecting after a bad response...
2022-10-03T03:05:08 INFO Disconnecting from /dev/ttyUSB0...
2022-10-03T03:05:08 INFO Connection closed!
2022-10-03T03:05:08 INFO Connecting to /dev/ttyUSB0...
2022-10-03T03:05:08 INFO Connection established!
2022-10-03T03:06:10 ERROR Could not read house, reason: Modbus Error: [Input/Output] Modbus Error: [Invalid Message] No response received, expected at least 2 bytes (0 received)
2022-10-03T03:06:10 INFO Reconnecting after a bad response...
2022-10-03T03:06:10 INFO Disconnecting from /dev/ttyUSB0...
2022-10-03T03:06:10 INFO Connection closed!
2022-10-03T03:06:10 INFO Connecting to /dev/ttyUSB0...
2022-10-03T03:06:10 INFO Connection established!
2022-10-03T03:15:49 ERROR Could not read house, reason: Modbus Error: [Input/Output] Modbus Error: [Invalid Message] No response received, expected at least 2 bytes (0 received)
2022-10-03T03:15:49 INFO Reconnecting after a bad response...
2022-10-03T03:15:49 INFO Disconnecting from /dev/ttyUSB0...
2022-10-03T03:15:49 INFO Connection closed!
2022-10-03T03:15:49 INFO Connecting to /dev/ttyUSB0...
2022-10-03T03:15:49 INFO Connection established!
2022-10-03T03:47:37 ERROR Could not read house, reason: Modbus Error: [Input/Output] Modbus Error: [Invalid Message] No response received, expected at least 2 bytes (0 received)
2022-10-03T03:47:37 INFO Reconnecting after a bad response...
2022-10-03T03:47:37 INFO Disconnecting from /dev/ttyUSB0...
2022-10-03T03:47:37 INFO Connection closed!
2022-10-03T03:47:37 INFO Connecting to /dev/ttyUSB0...
2022-10-03T03:47:37 INFO Connection established!
2022-10-03T04:00:52 ERROR Could not read old-pv, reason: Modbus Error: [Input/Output] Modbus Error: [Invalid Message] No response received, expected at least 2 bytes (0 received)
2022-10-03T04:00:52 INFO Reconnecting after a bad response...
2022-10-03T04:00:52 INFO Disconnecting from /dev/ttyUSB0...
2022-10-03T04:00:52 INFO Connection closed!
2022-10-03T04:00:52 INFO Connecting to /dev/ttyUSB0...
2022-10-03T04:00:52 INFO Connection established!
2022-10-03T04:04:29 ERROR Could not read house, reason: Modbus Error: [Input/Output] Modbus Error: [Invalid Message] No response received, expected at least 2 bytes (0 received)
2022-10-03T04:04:29 INFO Reconnecting after a bad response...
2022-10-03T04:04:29 INFO Disconnecting from /dev/ttyUSB0...
2022-10-03T04:04:29 INFO Connection closed!
2022-10-03T04:04:29 INFO Connecting to /dev/ttyUSB0...
2022-10-03T04:04:29 INFO Connection established!
2022-10-03T04:27:32 ERROR Could not read old-pv, reason: Modbus Error: [Input/Output] Modbus Error: [Invalid Message] No response received, expected at least 2 bytes (0 received)
2022-10-03T04:27:32 INFO Reconnecting after a bad response...
2022-10-03T04:27:32 INFO Disconnecting from /dev/ttyUSB0...
2022-10-03T04:27:32 INFO Connection closed!
2022-10-03T04:27:32 INFO Connecting to /dev/ttyUSB0...
2022-10-03T04:27:32 INFO Connection established!
2022-10-03T04:38:15 ERROR Could not read house, reason: Modbus Error: [Input/Output] Modbus Error: [Invalid Message] No response received, expected at least 2 bytes (0 received)
2022-10-03T04:38:15 INFO Reconnecting after a bad response...
2022-10-03T04:38:15 INFO Disconnecting from /dev/ttyUSB0...
2022-10-03T04:38:15 INFO Connection closed!
2022-10-03T04:38:15 INFO Connecting to /dev/ttyUSB0...
2022-10-03T04:38:15 INFO Connection established!
2022-10-03T05:01:13 ERROR Could not read old-pv, reason: Modbus Error: [Input/Output] Modbus Error: [Invalid Message] No response received, expected at least 2 bytes (0 received)
2022-10-03T05:01:13 INFO Reconnecting after a bad response...
2022-10-03T05:01:13 INFO Disconnecting from /dev/ttyUSB0...
2022-10-03T05:01:13 INFO Connection closed!
2022-10-03T05:01:13 INFO Connecting to /dev/ttyUSB0...
2022-10-03T05:01:13 INFO Connection established!
2022-10-03T05:10:20 ERROR Could not read old-pv, reason: Modbus Error: [Input/Output] Modbus Error: [Invalid Message] No response received, expected at least 2 bytes (0 received)
2022-10-03T05:10:20 INFO Reconnecting after a bad response...
2022-10-03T05:10:20 INFO Disconnecting from /dev/ttyUSB0...
2022-10-03T05:10:20 INFO Connection closed!
2022-10-03T05:10:20 INFO Connecting to /dev/ttyUSB0...
2022-10-03T05:10:20 INFO Connection established!
2022-10-03T05:15:57 ERROR Could not read house, reason: Modbus Error: [Input/Output] Modbus Error: [Invalid Message] No response received, expected at least 2 bytes (0 received)
2022-10-03T05:15:57 INFO Reconnecting after a bad response...
2022-10-03T05:15:57 INFO Disconnecting from /dev/ttyUSB0...
2022-10-03T05:15:57 INFO Connection closed!
2022-10-03T05:15:57 INFO Connecting to /dev/ttyUSB0...
2022-10-03T05:15:57 INFO Connection established!
2022-10-03T05:17:28 ERROR Could not read old-pv, reason: Modbus Error: [Input/Output] Modbus Error: [Invalid Message] No response received, expected at least 2 bytes (0 received)
2022-10-03T05:17:28 INFO Reconnecting after a bad response...
2022-10-03T05:17:28 INFO Disconnecting from /dev/ttyUSB0...
2022-10-03T05:17:28 INFO Connection closed!
2022-10-03T05:17:28 INFO Connecting to /dev/ttyUSB0...
2022-10-03T05:17:28 INFO Connection established!
2022-10-03T05:26:39 ERROR Could not read house, reason: Modbus Error: [Input/Output] Modbus Error: [Invalid Message] No response received, expected at least 2 bytes (0 received)
2022-10-03T05:26:39 INFO Reconnecting after a bad response...
2022-10-03T05:26:39 INFO Disconnecting from /dev/ttyUSB0...
2022-10-03T05:26:39 INFO Connection closed!
2022-10-03T05:26:39 INFO Connecting to /dev/ttyUSB0...
2022-10-03T05:26:39 INFO Connection established!
2022-10-03T05:42:56 ERROR Could not read house, reason: Modbus Error: [Input/Output] Modbus Error: [Invalid Message] No response received, expected at least 2 bytes (0 received)
2022-10-03T05:42:56 INFO Reconnecting after a bad response...
2022-10-03T05:42:56 INFO Disconnecting from /dev/ttyUSB0...
2022-10-03T05:42:56 INFO Connection closed!
2022-10-03T05:42:56 INFO Connecting to /dev/ttyUSB0...
2022-10-03T05:42:56 INFO Connection established!
2022-10-03T05:48:04 ERROR Could not read house, reason: Modbus Error: [Input/Output] Modbus Error: [Invalid Message] No response received, expected at least 2 bytes (0 received)
2022-10-03T05:48:04 INFO Reconnecting after a bad response...
2022-10-03T05:48:04 INFO Disconnecting from /dev/ttyUSB0...
2022-10-03T05:48:04 INFO Connection closed!
2022-10-03T05:48:04 INFO Connecting to /dev/ttyUSB0...
2022-10-03T05:48:04 INFO Connection established!
2022-10-03T05:48:33 ERROR Could not read old-pv, reason: Modbus Error: [Input/Output] Modbus Error: [Invalid Message] No response received, expected at least 2 bytes (0 received)
2022-10-03T05:48:33 INFO Reconnecting after a bad response...
2022-10-03T05:48:33 INFO Disconnecting from /dev/ttyUSB0...
2022-10-03T05:48:33 INFO Connection closed!
2022-10-03T05:48:33 INFO Connecting to /dev/ttyUSB0...
2022-10-03T05:48:33 INFO Connection established!
2022-10-03T05:59:49 ERROR Could not read house, reason: Modbus Error: [Input/Output] Modbus Error: [Invalid Message] No response received, expected at least 2 bytes (0 received)
2022-10-03T05:59:49 INFO Reconnecting after a bad response...
2022-10-03T05:59:49 INFO Disconnecting from /dev/ttyUSB0...
2022-10-03T05:59:49 INFO Connection closed!
2022-10-03T05:59:49 INFO Connecting to /dev/ttyUSB0...
2022-10-03T05:59:49 INFO Connection established!
2022-10-03T06:08:29 ERROR Could not read old-pv, reason: Modbus Error: [Input/Output] Modbus Error: [Invalid Message] No response received, expected at least 2 bytes (0 received)
2022-10-03T06:08:29 INFO Reconnecting after a bad response...
2022-10-03T06:08:29 INFO Disconnecting from /dev/ttyUSB0...
2022-10-03T06:08:29 INFO Connection closed!
2022-10-03T06:08:29 INFO Connecting to /dev/ttyUSB0...
2022-10-03T06:08:29 INFO Connection established!
2022-10-03T06:35:04 ERROR Could not read old-pv, reason: Modbus Error: [Input/Output] Modbus Error: [Invalid Message] No response received, expected at least 2 bytes (0 received)
2022-10-03T06:35:04 INFO Reconnecting after a bad response...
2022-10-03T06:35:04 INFO Disconnecting from /dev/ttyUSB0...
2022-10-03T06:35:04 INFO Connection closed!
2022-10-03T06:35:04 INFO Connecting to /dev/ttyUSB0...
2022-10-03T06:35:04 INFO Connection established!
2022-10-03T07:32:46 ERROR Could not read old-pv, reason: Modbus Error: [Input/Output] Modbus Error: [Invalid Message] No response received, expected at least 2 bytes (0 received)
2022-10-03T07:32:46 INFO Reconnecting after a bad response...
2022-10-03T07:32:46 INFO Disconnecting from /dev/ttyUSB0...
2022-10-03T07:32:46 INFO Connection closed!
2022-10-03T07:32:46 INFO Connecting to /dev/ttyUSB0...
2022-10-03T07:32:46 INFO Connection established!
2022-10-03T07:56:51 ERROR Could not read house, reason: Modbus Error: [Input/Output] Modbus Error: [Invalid Message] No response received, expected at least 2 bytes (0 received)
2022-10-03T07:56:51 INFO Reconnecting after a bad response...
2022-10-03T07:56:51 INFO Disconnecting from /dev/ttyUSB0...
2022-10-03T07:56:51 INFO Connection closed!
2022-10-03T07:56:51 INFO Connecting to /dev/ttyUSB0...
2022-10-03T07:56:51 INFO Connection established!
2022-10-03T08:01:27 ERROR Could not read old-pv, reason: Modbus Error: [Input/Output] Modbus Error: [Invalid Message] No response received, expected at least 2 bytes (0 received)
2022-10-03T08:01:27 INFO Reconnecting after a bad response...
2022-10-03T08:01:27 INFO Disconnecting from /dev/ttyUSB0...
2022-10-03T08:01:27 INFO Connection closed!
2022-10-03T08:01:27 INFO Connecting to /dev/ttyUSB0...
2022-10-03T08:01:27 INFO Connection established!
2022-10-03T08:28:33 ERROR Could not read house, reason: Modbus Error: [Input/Output] Modbus Error: [Invalid Message] No response received, expected at least 2 bytes (0 received)
2022-10-03T08:28:33 INFO Reconnecting after a bad response...
2022-10-03T08:28:33 INFO Disconnecting from /dev/ttyUSB0...
2022-10-03T08:28:33 INFO Connection closed!
2022-10-03T08:28:33 INFO Connecting to /dev/ttyUSB0...
2022-10-03T08:28:33 INFO Connection established!
2022-10-03T08:29:33 ERROR Could not read old-pv, reason: Modbus Error: [Input/Output] Modbus Error: [Invalid Message] No response received, expected at least 2 bytes (0 received)
2022-10-03T08:29:33 INFO Reconnecting after a bad response...
2022-10-03T08:29:33 INFO Disconnecting from /dev/ttyUSB0...
2022-10-03T08:29:33 INFO Connection closed!
2022-10-03T08:29:33 INFO Connecting to /dev/ttyUSB0...
2022-10-03T08:29:33 INFO Connection established!
2022-10-03T08:34:42 ERROR Could not read house, reason: Modbus Error: [Input/Output] Modbus Error: [Invalid Message] No response received, expected at least 2 bytes (0 received)
2022-10-03T08:34:42 INFO Reconnecting after a bad response...
2022-10-03T08:34:42 INFO Disconnecting from /dev/ttyUSB0...
2022-10-03T08:34:42 INFO Connection closed!
2022-10-03T08:34:42 INFO Connecting to /dev/ttyUSB0...
2022-10-03T08:34:42 INFO Connection established!
2022-10-03T09:23:12 ERROR Could not read old-pv, reason: Modbus Error: [Input/Output] Modbus Error: [Invalid Message] No response received, expected at least 2 bytes (0 received)
2022-10-03T09:23:12 INFO Reconnecting after a bad response...
2022-10-03T09:23:12 INFO Disconnecting from /dev/ttyUSB0...
2022-10-03T09:23:12 INFO Connection closed!
2022-10-03T09:23:12 INFO Connecting to /dev/ttyUSB0...
2022-10-03T09:23:12 INFO Connection established!
2022-10-03T09:27:50 ERROR Could not read house, reason: Modbus Error: [Input/Output] Modbus Error: [Invalid Message] No response received, expected at least 2 bytes (0 received)
2022-10-03T09:27:50 INFO Reconnecting after a bad response...
2022-10-03T09:27:50 INFO Disconnecting from /dev/ttyUSB0...
2022-10-03T09:27:50 INFO Connection closed!
2022-10-03T09:27:50 INFO Connecting to /dev/ttyUSB0...
2022-10-03T09:27:50 INFO Connection established!
2022-10-03T09:33:30 ERROR Could not read house, reason: Modbus Error: [Input/Output] Modbus Error: [Invalid Message] No response received, expected at least 2 bytes (0 received)
2022-10-03T09:33:30 INFO Reconnecting after a bad response...
2022-10-03T09:33:30 INFO Disconnecting from /dev/ttyUSB0...
2022-10-03T09:33:30 INFO Connection closed!
2022-10-03T09:33:30 INFO Connecting to /dev/ttyUSB0...
2022-10-03T09:33:30 INFO Connection established!
2022-10-03T10:31:07 ERROR Could not read old-pv, reason: Modbus Error: [Input/Output] Modbus Error: [Invalid Message] No response received, expected at least 2 bytes (0 received)
2022-10-03T10:31:07 INFO Reconnecting after a bad response...
2022-10-03T10:31:07 INFO Disconnecting from /dev/ttyUSB0...
2022-10-03T10:31:07 INFO Connection closed!
2022-10-03T10:31:07 INFO Connecting to /dev/ttyUSB0...
2022-10-03T10:31:07 INFO Connection established!
2022-10-03T10:37:44 ERROR Could not read house, reason: Modbus Error: [Input/Output] Modbus Error: [Invalid Message] No response received, expected at least 2 bytes (0 received)
2022-10-03T10:37:44 INFO Reconnecting after a bad response...
2022-10-03T10:37:44 INFO Disconnecting from /dev/ttyUSB0...
2022-10-03T10:37:44 INFO Connection closed!
2022-10-03T10:37:44 INFO Connecting to /dev/ttyUSB0...
2022-10-03T10:37:44 INFO Connection established!
2022-10-03T10:42:52 ERROR Could not read house, reason: Modbus Error: [Input/Output] Modbus Error: [Invalid Message] No response received, expected at least 2 bytes (0 received)
2022-10-03T10:42:52 INFO Reconnecting after a bad response...
2022-10-03T10:42:52 INFO Disconnecting from /dev/ttyUSB0...
2022-10-03T10:42:52 INFO Connection closed!
2022-10-03T10:42:52 INFO Connecting to /dev/ttyUSB0...
2022-10-03T10:42:52 INFO Connection established!
2022-10-03T10:59:45 ERROR Could not read house, reason: Modbus Error: [Input/Output] Modbus Error: [Invalid Message] No response received, expected at least 2 bytes (0 received)
2022-10-03T10:59:45 INFO Reconnecting after a bad response...
2022-10-03T10:59:45 INFO Disconnecting from /dev/ttyUSB0...
2022-10-03T10:59:45 INFO Connection closed!
2022-10-03T10:59:45 INFO Connecting to /dev/ttyUSB0...
2022-10-03T10:59:45 INFO Connection established!
2022-10-03T11:01:17 ERROR Could not read old-pv, reason: Modbus Error: [Input/Output] Modbus Error: [Invalid Message] No response received, expected at least 2 bytes (0 received)
2022-10-03T11:01:17 INFO Reconnecting after a bad response...
2022-10-03T11:01:17 INFO Disconnecting from /dev/ttyUSB0...
2022-10-03T11:01:17 INFO Connection closed!
2022-10-03T11:01:17 INFO Connecting to /dev/ttyUSB0...
2022-10-03T11:01:17 INFO Connection established!
2022-10-03T11:20:07 ERROR Could not read house, reason: Modbus Error: [Input/Output] Modbus Error: [Invalid Message] No response received, expected at least 2 bytes (0 received)
2022-10-03T11:20:07 INFO Reconnecting after a bad response...
2022-10-03T11:20:07 INFO Disconnecting from /dev/ttyUSB0...
2022-10-03T11:20:07 INFO Connection closed!
2022-10-03T11:20:07 INFO Connecting to /dev/ttyUSB0...
2022-10-03T11:20:07 INFO Connection established!
2022-10-03T11:20:36 ERROR Could not read old-pv, reason: Modbus Error: [Input/Output] Modbus Error: [Invalid Message] No response received, expected at least 2 bytes (0 received)
2022-10-03T11:20:36 INFO Reconnecting after a bad response...
2022-10-03T11:20:36 INFO Disconnecting from /dev/ttyUSB0...
2022-10-03T11:20:36 INFO Connection closed!
2022-10-03T11:20:36 INFO Connecting to /dev/ttyUSB0...
2022-10-03T11:20:36 INFO Connection established!
2022-10-03T11:21:39 ERROR Could not read house, reason: Modbus Error: [Input/Output] Modbus Error: [Invalid Message] No response received, expected at least 2 bytes (0 received)
2022-10-03T11:21:39 INFO Reconnecting after a bad response...
2022-10-03T11:21:39 INFO Disconnecting from /dev/ttyUSB0...
2022-10-03T11:21:39 INFO Connection closed!
2022-10-03T11:21:39 INFO Connecting to /dev/ttyUSB0...
2022-10-03T11:21:39 INFO Connection established!
2022-10-03T11:27:46 ERROR Could not read house, reason: Modbus Error: [Input/Output] Modbus Error: [Invalid Message] No response received, expected at least 2 bytes (0 received)
2022-10-03T11:27:46 INFO Reconnecting after a bad response...
2022-10-03T11:27:46 INFO Disconnecting from /dev/ttyUSB0...
2022-10-03T11:27:46 INFO Connection closed!
2022-10-03T11:27:46 INFO Connecting to /dev/ttyUSB0...
2022-10-03T11:27:46 INFO Connection established!
2022-10-03T12:21:52 ERROR Could not read old-pv, reason: Modbus Error: [Input/Output] Modbus Error: [Invalid Message] No response received, expected at least 2 bytes (0 received)
2022-10-03T12:21:52 INFO Reconnecting after a bad response...
2022-10-03T12:21:52 INFO Disconnecting from /dev/ttyUSB0...
2022-10-03T12:21:52 INFO Connection closed!
2022-10-03T12:21:52 INFO Connecting to /dev/ttyUSB0...
2022-10-03T12:21:52 INFO Connection established!
2022-10-03T12:27:00 ERROR Could not read house, reason: Modbus Error: [Input/Output] Modbus Error: [Invalid Message] No response received, expected at least 2 bytes (0 received)
2022-10-03T12:27:00 INFO Reconnecting after a bad response...
2022-10-03T12:27:00 INFO Disconnecting from /dev/ttyUSB0...
2022-10-03T12:27:00 INFO Connection closed!
2022-10-03T12:27:00 INFO Connecting to /dev/ttyUSB0...
2022-10-03T12:27:00 INFO Connection established!
2022-10-03T12:40:19 ERROR Could not read old-pv, reason: Modbus Error: [Input/Output] Modbus Error: [Invalid Message] No response received, expected at least 2 bytes (0 received)
2022-10-03T12:40:19 INFO Reconnecting after a bad response...
2022-10-03T12:40:19 INFO Disconnecting from /dev/ttyUSB0...
2022-10-03T12:40:19 INFO Connection closed!
2022-10-03T12:40:19 INFO Connecting to /dev/ttyUSB0...
2022-10-03T12:40:19 INFO Connection established!
2022-10-03T12:54:40 ERROR Could not read old-pv, reason: Modbus Error: [Input/Output] Modbus Error: [Invalid Message] No response received, expected at least 2 bytes (0 received)
2022-10-03T12:54:40 INFO Reconnecting after a bad response...
2022-10-03T12:54:40 INFO Disconnecting from /dev/ttyUSB0...
2022-10-03T12:54:40 INFO Connection closed!
2022-10-03T12:54:40 INFO Connecting to /dev/ttyUSB0...
2022-10-03T12:54:40 INFO Connection established!
2022-10-03T13:49:57 ERROR Could not read old-pv, reason: Modbus Error: [Input/Output] Modbus Error: [Invalid Message] No response received, expected at least 2 bytes (0 received)
2022-10-03T13:49:57 INFO Reconnecting after a bad response...
2022-10-03T13:49:57 INFO Disconnecting from /dev/ttyUSB0...
2022-10-03T13:49:57 INFO Connection closed!
2022-10-03T13:49:57 INFO Connecting to /dev/ttyUSB0...
2022-10-03T13:49:57 INFO Connection established!
2022-10-03T13:56:04 ERROR Could not read house, reason: Modbus Error: [Input/Output] Modbus Error: [Invalid Message] No response received, expected at least 2 bytes (0 received)
2022-10-03T13:56:04 INFO Reconnecting after a bad response...
2022-10-03T13:56:04 INFO Disconnecting from /dev/ttyUSB0...
2022-10-03T13:56:04 INFO Connection closed!
2022-10-03T13:56:04 INFO Connecting to /dev/ttyUSB0...
2022-10-03T13:56:04 INFO Connection established!
2022-10-03T14:19:09 ERROR Could not read old-pv, reason: Modbus Error: [Input/Output] Modbus Error: [Invalid Message] No response received, expected at least 2 bytes (0 received)
2022-10-03T14:19:09 INFO Reconnecting after a bad response...
2022-10-03T14:19:09 INFO Disconnecting from /dev/ttyUSB0...
2022-10-03T14:19:09 INFO Connection closed!
2022-10-03T14:19:09 INFO Connecting to /dev/ttyUSB0...
2022-10-03T14:19:09 INFO Connection established!
2022-10-03T15:01:04 ERROR Could not read house, reason: Modbus Error: [Input/Output] Modbus Error: [Invalid Message] No response received, expected at least 2 bytes (0 received)
2022-10-03T15:01:04 INFO Reconnecting after a bad response...
2022-10-03T15:01:04 INFO Disconnecting from /dev/ttyUSB0...
2022-10-03T15:01:04 INFO Connection closed!
2022-10-03T15:01:04 INFO Connecting to /dev/ttyUSB0...
2022-10-03T15:01:04 INFO Connection established!
2022-10-03T15:11:52 ERROR Could not read old-pv, reason: Modbus Error: [Input/Output] Modbus Error: [Invalid Message] No response received, expected at least 2 bytes (0 received)
2022-10-03T15:11:52 INFO Reconnecting after a bad response...
2022-10-03T15:11:52 INFO Disconnecting from /dev/ttyUSB0...
2022-10-03T15:11:52 INFO Connection closed!
2022-10-03T15:11:52 INFO Connecting to /dev/ttyUSB0...
2022-10-03T15:11:52 INFO Connection established!
2022-10-03T15:19:02 ERROR Could not read house, reason: Modbus Error: [Input/Output] Modbus Error: [Invalid Message] No response received, expected at least 2 bytes (0 received)
2022-10-03T15:19:02 INFO Reconnecting after a bad response...
2022-10-03T15:19:02 INFO Disconnecting from /dev/ttyUSB0...
2022-10-03T15:19:02 INFO Connection closed!
2022-10-03T15:19:02 INFO Connecting to /dev/ttyUSB0...
2022-10-03T15:19:02 INFO Connection established!
2022-10-03T16:13:08 ERROR Could not read old-pv, reason: Modbus Error: [Input/Output] Modbus Error: [Invalid Message] No response received, expected at least 2 bytes (0 received)
2022-10-03T16:13:08 INFO Reconnecting after a bad response...
2022-10-03T16:13:08 INFO Disconnecting from /dev/ttyUSB0...
2022-10-03T16:13:08 INFO Connection closed!
2022-10-03T16:13:08 INFO Connecting to /dev/ttyUSB0...
2022-10-03T16:13:08 INFO Connection established!
2022-10-03T16:28:59 ERROR Could not read old-pv, reason: Modbus Error: [Input/Output] Modbus Error: [Invalid Message] No response received, expected at least 2 bytes (0 received)
2022-10-03T16:28:59 INFO Reconnecting after a bad response...
2022-10-03T16:28:59 INFO Disconnecting from /dev/ttyUSB0...
2022-10-03T16:28:59 INFO Connection closed!
2022-10-03T16:28:59 INFO Connecting to /dev/ttyUSB0...
2022-10-03T16:28:59 INFO Connection established!
2022-10-03T16:33:06 ERROR Could not read old-pv, reason: Modbus Error: [Input/Output] Modbus Error: [Invalid Message] No response received, expected at least 2 bytes (0 received)
2022-10-03T16:33:06 INFO Reconnecting after a bad response...
2022-10-03T16:33:06 INFO Disconnecting from /dev/ttyUSB0...
2022-10-03T16:33:06 INFO Connection closed!
2022-10-03T16:33:06 INFO Connecting to /dev/ttyUSB0...
2022-10-03T16:33:06 INFO Connection established!
2022-10-03T16:39:46 ERROR Could not read old-pv, reason: Modbus Error: [Input/Output] Modbus Error: [Invalid Message] No response received, expected at least 2 bytes (0 received)
2022-10-03T16:39:46 INFO Reconnecting after a bad response...
2022-10-03T16:39:46 INFO Disconnecting from /dev/ttyUSB0...
2022-10-03T16:39:46 INFO Connection closed!
2022-10-03T16:39:46 INFO Connecting to /dev/ttyUSB0...
2022-10-03T16:39:46 INFO Connection established!
2022-10-03T16:45:22 ERROR Could not read old-pv, reason: Modbus Error: [Input/Output] Modbus Error: [Invalid Message] No response received, expected at least 2 bytes (0 received)
2022-10-03T16:45:22 INFO Reconnecting after a bad response...
2022-10-03T16:45:22 INFO Disconnecting from /dev/ttyUSB0...
2022-10-03T16:45:22 INFO Connection closed!
2022-10-03T16:45:22 INFO Connecting to /dev/ttyUSB0...
2022-10-03T16:45:22 INFO Connection established!
2022-10-03T16:46:24 ERROR Could not read house, reason: Modbus Error: [Input/Output] Modbus Error: [Invalid Message] No response received, expected at least 2 bytes (0 received)
2022-10-03T16:46:24 INFO Reconnecting after a bad response...
2022-10-03T16:46:24 INFO Disconnecting from /dev/ttyUSB0...
2022-10-03T16:46:24 INFO Connection closed!
2022-10-03T16:46:24 INFO Connecting to /dev/ttyUSB0...
2022-10-03T16:46:24 INFO Connection established!
2022-10-03T17:46:06 ERROR Could not read old-pv, reason: Modbus Error: [Input/Output] Modbus Error: [Invalid Message] No response received, expected at least 2 bytes (0 received)
2022-10-03T17:46:06 INFO Reconnecting after a bad response...
2022-10-03T17:46:06 INFO Disconnecting from /dev/ttyUSB0...
2022-10-03T17:46:06 INFO Connection closed!
2022-10-03T17:46:06 INFO Connecting to /dev/ttyUSB0...
2022-10-03T17:46:06 INFO Connection established!
2022-10-03T17:48:40 ERROR Could not read house, reason: Modbus Error: [Input/Output] Modbus Error: [Invalid Message] No response received, expected at least 2 bytes (0 received)
2022-10-03T17:48:40 INFO Reconnecting after a bad response...
2022-10-03T17:48:40 INFO Disconnecting from /dev/ttyUSB0...
2022-10-03T17:48:40 INFO Connection closed!
2022-10-03T17:48:40 INFO Connecting to /dev/ttyUSB0...
2022-10-03T17:48:40 INFO Connection established!
2022-10-03T18:07:01 ERROR Could not read old-pv, reason: Modbus Error: [Input/Output] Modbus Error: [Invalid Message] No response received, expected at least 2 bytes (0 received)
2022-10-03T18:07:01 INFO Reconnecting after a bad response...
2022-10-03T18:07:01 INFO Disconnecting from /dev/ttyUSB0...
2022-10-03T18:07:01 INFO Connection closed!
2022-10-03T18:07:01 INFO Connecting to /dev/ttyUSB0...
2022-10-03T18:07:01 INFO Connection established!
2022-10-03T18:16:15 ERROR Could not read house, reason: Modbus Error: [Input/Output] Modbus Error: [Invalid Message] No response received, expected at least 2 bytes (0 received)
2022-10-03T18:16:15 INFO Reconnecting after a bad response...
2022-10-03T18:16:15 INFO Disconnecting from /dev/ttyUSB0...
2022-10-03T18:16:15 INFO Connection closed!
2022-10-03T18:16:15 INFO Connecting to /dev/ttyUSB0...
2022-10-03T18:16:15 INFO Connection established!
2022-10-03T18:28:27 ERROR Could not read old-pv, reason: Modbus Error: [Input/Output] Modbus Error: [Invalid Message] No response received, expected at least 2 bytes (0 received)
2022-10-03T18:28:27 INFO Reconnecting after a bad response...
2022-10-03T18:28:27 INFO Disconnecting from /dev/ttyUSB0...
2022-10-03T18:28:27 INFO Connection closed!
2022-10-03T18:28:27 INFO Connecting to /dev/ttyUSB0...
2022-10-03T18:28:27 INFO Connection established!
2022-10-03T18:32:01 ERROR Could not read house, reason: Modbus Error: [Input/Output] Modbus Error: [Invalid Message] No response received, expected at least 2 bytes (0 received)
2022-10-03T18:32:01 INFO Reconnecting after a bad response...
2022-10-03T18:32:01 INFO Disconnecting from /dev/ttyUSB0...
2022-10-03T18:32:01 INFO Connection closed!
2022-10-03T18:32:01 INFO Connecting to /dev/ttyUSB0...
2022-10-03T18:32:01 INFO Connection established!
2022-10-03T19:08:47 ERROR Could not read old-pv, reason: Modbus Error: [Input/Output] Modbus Error: [Invalid Message] No response received, expected at least 2 bytes (0 received)
2022-10-03T19:08:47 INFO Reconnecting after a bad response...
2022-10-03T19:08:47 INFO Disconnecting from /dev/ttyUSB0...
2022-10-03T19:08:47 INFO Connection closed!
2022-10-03T19:08:47 INFO Connecting to /dev/ttyUSB0...
2022-10-03T19:08:47 INFO Connection established!
2022-10-03T19:09:19 ERROR Could not read house, reason: Modbus Error: [Input/Output] Modbus Error: [Invalid Message] No response received, expected at least 2 bytes (0 received)
2022-10-03T19:09:19 INFO Reconnecting after a bad response...
2022-10-03T19:09:19 INFO Disconnecting from /dev/ttyUSB0...
2022-10-03T19:09:19 INFO Connection closed!
2022-10-03T19:09:19 INFO Connecting to /dev/ttyUSB0...
2022-10-03T19:09:19 INFO Connection established!
2022-10-03T19:35:49 ERROR Could not read old-pv, reason: Modbus Error: [Input/Output] Modbus Error: [Invalid Message] No response received, expected at least 2 bytes (0 received)
2022-10-03T19:35:49 INFO Reconnecting after a bad response...
2022-10-03T19:35:49 INFO Disconnecting from /dev/ttyUSB0...
2022-10-03T19:35:49 INFO Connection closed!
2022-10-03T19:35:49 INFO Connecting to /dev/ttyUSB0...
2022-10-03T19:35:49 INFO Connection established!
2022-10-03T19:45:30 ERROR Could not read house, reason: Modbus Error: [Input/Output] Modbus Error: [Invalid Message] No response received, expected at least 2 bytes (0 received)
2022-10-03T19:45:30 INFO Reconnecting after a bad response...
2022-10-03T19:45:30 INFO Disconnecting from /dev/ttyUSB0...
2022-10-03T19:45:30 INFO Connection closed!
2022-10-03T19:45:30 INFO Connecting to /dev/ttyUSB0...
2022-10-03T19:45:30 INFO Connection established!
2022-10-03T20:12:01 ERROR Could not read old-pv, reason: Modbus Error: [Input/Output] Modbus Error: [Invalid Message] No response received, expected at least 2 bytes (0 received)
2022-10-03T20:12:01 INFO Reconnecting after a bad response...
2022-10-03T20:12:01 INFO Disconnecting from /dev/ttyUSB0...
2022-10-03T20:12:01 INFO Connection closed!
2022-10-03T20:12:01 INFO Connecting to /dev/ttyUSB0...
2022-10-03T20:12:01 INFO Connection established!
2022-10-03T20:19:11 ERROR Could not read house, reason: Modbus Error: [Input/Output] Modbus Error: [Invalid Message] No response received, expected at least 2 bytes (0 received)
2022-10-03T20:19:11 INFO Reconnecting after a bad response...
2022-10-03T20:19:11 INFO Disconnecting from /dev/ttyUSB0...
2022-10-03T20:19:11 INFO Connection closed!
2022-10-03T20:19:11 INFO Connecting to /dev/ttyUSB0...
2022-10-03T20:19:11 INFO Connection established!
2022-10-03T20:22:15 ERROR Could not read old-pv, reason: Modbus Error: [Input/Output] Modbus Error: [Invalid Message] No response received, expected at least 2 bytes (0 received)
2022-10-03T20:22:15 INFO Reconnecting after a bad response...
2022-10-03T20:22:15 INFO Disconnecting from /dev/ttyUSB0...
2022-10-03T20:22:15 INFO Connection closed!
2022-10-03T20:22:15 INFO Connecting to /dev/ttyUSB0...
2022-10-03T20:22:15 INFO Connection established!
2022-10-03T20:30:28 ERROR Could not read house, reason: Modbus Error: [Input/Output] Modbus Error: [Invalid Message] No response received, expected at least 2 bytes (0 received)
2022-10-03T20:30:28 INFO Reconnecting after a bad response...
2022-10-03T20:30:28 INFO Disconnecting from /dev/ttyUSB0...
2022-10-03T20:30:28 INFO Connection closed!
2022-10-03T20:30:28 INFO Connecting to /dev/ttyUSB0...
2022-10-03T20:30:28 INFO Connection established!
2022-10-03T21:08:43 ERROR Could not read house, reason: Modbus Error: [Input/Output] Modbus Error: [Invalid Message] No response received, expected at least 2 bytes (0 received)
2022-10-03T21:08:43 INFO Reconnecting after a bad response...
2022-10-03T21:08:43 INFO Disconnecting from /dev/ttyUSB0...
2022-10-03T21:08:43 INFO Connection closed!
2022-10-03T21:08:43 INFO Connecting to /dev/ttyUSB0...
2022-10-03T21:08:43 INFO Connection established!
2022-10-03T21:10:44 ERROR Could not read old-pv, reason: Modbus Error: [Input/Output] Modbus Error: [Invalid Message] No response received, expected at least 2 bytes (0 received)
2022-10-03T21:10:44 INFO Reconnecting after a bad response...
2022-10-03T21:10:44 INFO Disconnecting from /dev/ttyUSB0...
2022-10-03T21:10:44 INFO Connection closed!
2022-10-03T21:10:44 INFO Connecting to /dev/ttyUSB0...
2022-10-03T21:10:44 INFO Connection established!
2022-10-03T21:15:20 ERROR Could not read old-pv, reason: Modbus Error: [Input/Output] Modbus Error: [Invalid Message] No response received, expected at least 2 bytes (0 received)
2022-10-03T21:15:20 INFO Reconnecting after a bad response...
2022-10-03T21:15:20 INFO Disconnecting from /dev/ttyUSB0...
2022-10-03T21:15:20 INFO Connection closed!
2022-10-03T21:15:20 INFO Connecting to /dev/ttyUSB0...
2022-10-03T21:15:20 INFO Connection established!
2022-10-03T21:19:24 ERROR Could not read house, reason: Modbus Error: [Input/Output] Modbus Error: [Invalid Message] No response received, expected at least 2 bytes (0 received)
2022-10-03T21:19:24 INFO Reconnecting after a bad response...
2022-10-03T21:19:24 INFO Disconnecting from /dev/ttyUSB0...
2022-10-03T21:19:24 INFO Connection closed!
2022-10-03T21:19:24 INFO Connecting to /dev/ttyUSB0...
2022-10-03T21:19:24 INFO Connection established!
2022-10-03T21:19:53 ERROR Could not read old-pv, reason: Modbus Error: [Input/Output] Modbus Error: [Invalid Message] No response received, expected at least 2 bytes (0 received)
2022-10-03T21:19:53 INFO Reconnecting after a bad response...
2022-10-03T21:19:53 INFO Disconnecting from /dev/ttyUSB0...
2022-10-03T21:19:53 INFO Connection closed!
2022-10-03T21:19:53 INFO Connecting to /dev/ttyUSB0...
2022-10-03T21:19:53 INFO Connection established!
2022-10-03T21:30:04 ERROR Could not read old-pv, reason: Modbus Error: [Input/Output] Modbus Error: [Invalid Message] No response received, expected at least 2 bytes (0 received)
2022-10-03T21:30:04 INFO Reconnecting after a bad response...
2022-10-03T21:30:04 INFO Disconnecting from /dev/ttyUSB0...
2022-10-03T21:30:04 INFO Connection closed!
2022-10-03T21:30:04 INFO Connecting to /dev/ttyUSB0...
2022-10-03T21:30:04 INFO Connection established!
2022-10-03T21:51:28 ERROR Could not read house, reason: Modbus Error: [Input/Output] Modbus Error: [Invalid Message] No response received, expected at least 2 bytes (0 received)
2022-10-03T21:51:28 INFO Reconnecting after a bad response...
2022-10-03T21:51:28 INFO Disconnecting from /dev/ttyUSB0...
2022-10-03T21:51:28 INFO Connection closed!
2022-10-03T21:51:28 INFO Connecting to /dev/ttyUSB0...
2022-10-03T21:51:28 INFO Connection established!
2022-10-03T21:52:59 ERROR Could not read old-pv, reason: Modbus Error: [Input/Output] Modbus Error: [Invalid Message] No response received, expected at least 2 bytes (0 received)
2022-10-03T21:52:59 INFO Reconnecting after a bad response...
2022-10-03T21:52:59 INFO Disconnecting from /dev/ttyUSB0...
2022-10-03T21:52:59 INFO Connection closed!
2022-10-03T21:52:59 INFO Connecting to /dev/ttyUSB0...
2022-10-03T21:52:59 INFO Connection established!
2022-10-03T21:58:08 ERROR Could not read house, reason: Modbus Error: [Input/Output] Modbus Error: [Invalid Message] No response received, expected at least 2 bytes (0 received)
2022-10-03T21:58:08 INFO Reconnecting after a bad response...
2022-10-03T21:58:08 INFO Disconnecting from /dev/ttyUSB0...
2022-10-03T21:58:08 INFO Connection closed!
2022-10-03T21:58:08 INFO Connecting to /dev/ttyUSB0...
2022-10-03T21:58:08 INFO Connection established!
2022-10-03T22:20:01 INFO Received a shutdown request...
2022-10-03T22:20:01 INFO Shutting down...
2022-10-03T22:20:01 INFO Disconnecting from 192.168.200.1:6607...
2022-10-03T22:20:01 INFO Connection closed!
2022-10-03T22:20:01 INFO Disconnecting from /dev/ttyUSB0...
2022-10-03T22:20:01 INFO Connection closed!
2022-10-03T22:20:01 INFO Exiting...
