2022-10-04T21:05:18 INFO Booting...
2022-10-04T21:05:18 INFO Connecting to 192.168.200.1:6607...
2022-10-04T21:05:19 INFO Connection established!
2022-10-04T21:05:21 INFO Connecting to /dev/ttyUSB0...
2022-10-04T21:05:21 INFO Connection established!
2022-10-04T21:08:33 ERROR Could not read house, reason: Modbus Error: [Input/Output] Modbus Error: [Invalid Message] No response received, expected at least 2 bytes (0 received)
2022-10-04T21:08:33 INFO Reconnecting after a bad response...
2022-10-04T21:08:33 INFO Disconnecting from /dev/ttyUSB0...
2022-10-04T21:08:33 INFO Connection closed!
2022-10-04T21:08:33 INFO Connecting to /dev/ttyUSB0...
2022-10-04T21:08:33 INFO Connection established!
2022-10-04T21:35:36 ERROR Could not read house, reason: Modbus Error: [Input/Output] Modbus Error: [Invalid Message] No response received, expected at least 2 bytes (0 received)
2022-10-04T21:35:36 INFO Reconnecting after a bad response...
2022-10-04T21:35:36 INFO Disconnecting from /dev/ttyUSB0...
2022-10-04T21:35:36 INFO Connection closed!
2022-10-04T21:35:36 INFO Connecting to /dev/ttyUSB0...
2022-10-04T21:35:36 INFO Connection established!
2022-10-04T21:42:13 ERROR Could not read house, reason: Modbus Error: [Input/Output] Modbus Error: [Invalid Message] No response received, expected at least 2 bytes (0 received)
2022-10-04T21:42:13 INFO Reconnecting after a bad response...
2022-10-04T21:42:13 INFO Disconnecting from /dev/ttyUSB0...
2022-10-04T21:42:13 INFO Connection closed!
2022-10-04T21:42:13 INFO Connecting to /dev/ttyUSB0...
2022-10-04T21:42:13 INFO Connection established!
2022-10-04T21:42:41 ERROR Could not read old-pv, reason: Modbus Error: [Input/Output] Modbus Error: [Invalid Message] No response received, expected at least 2 bytes (0 received)
2022-10-04T21:42:41 INFO Reconnecting after a bad response...
2022-10-04T21:42:41 INFO Disconnecting from /dev/ttyUSB0...
2022-10-04T21:42:41 INFO Connection closed!
2022-10-04T21:42:41 INFO Connecting to /dev/ttyUSB0...
2022-10-04T21:42:41 INFO Connection established!
2022-10-04T21:46:21 ERROR Could not read house, reason: Modbus Error: [Input/Output] Modbus Error: [Invalid Message] No response received, expected at least 2 bytes (0 received)
2022-10-04T21:46:21 INFO Reconnecting after a bad response...
2022-10-04T21:46:21 INFO Disconnecting from /dev/ttyUSB0...
2022-10-04T21:46:21 INFO Connection closed!
2022-10-04T21:46:21 INFO Connecting to /dev/ttyUSB0...
2022-10-04T21:46:21 INFO Connection established!
2022-10-04T22:00:06 ERROR Could not read old-pv, reason: Modbus Error: [Input/Output] Modbus Error: [Invalid Message] No response received, expected at least 2 bytes (0 received)
2022-10-04T22:00:06 INFO Reconnecting after a bad response...
2022-10-04T22:00:06 INFO Disconnecting from /dev/ttyUSB0...
2022-10-04T22:00:06 INFO Connection closed!
2022-10-04T22:00:06 INFO Connecting to /dev/ttyUSB0...
2022-10-04T22:00:06 INFO Connection established!
2022-10-04T22:02:40 ERROR Could not read house, reason: Modbus Error: [Input/Output] Modbus Error: [Invalid Message] No response received, expected at least 2 bytes (0 received)
2022-10-04T22:02:40 INFO Reconnecting after a bad response...
2022-10-04T22:02:40 INFO Disconnecting from /dev/ttyUSB0...
2022-10-04T22:02:40 INFO Connection closed!
2022-10-04T22:02:40 INFO Connecting to /dev/ttyUSB0...
2022-10-04T22:02:40 INFO Connection established!
2022-10-04T22:05:10 ERROR Could not read old-pv, reason: Modbus Error: [Input/Output] Modbus Error: [Invalid Message] No response received, expected at least 2 bytes (0 received)
2022-10-04T22:05:10 INFO Reconnecting after a bad response...
2022-10-04T22:05:10 INFO Disconnecting from /dev/ttyUSB0...
2022-10-04T22:05:10 INFO Connection closed!
2022-10-04T22:05:10 INFO Connecting to /dev/ttyUSB0...
2022-10-04T22:05:10 INFO Connection established!
2022-10-04T22:15:23 ERROR Could not read old-pv, reason: Modbus Error: [Input/Output] Modbus Error: [Invalid Message] No response received, expected at least 2 bytes (0 received)
2022-10-04T22:15:23 INFO Reconnecting after a bad response...
2022-10-04T22:15:23 INFO Disconnecting from /dev/ttyUSB0...
2022-10-04T22:15:23 INFO Connection closed!
2022-10-04T22:15:23 INFO Connecting to /dev/ttyUSB0...
2022-10-04T22:15:23 INFO Connection established!
2022-10-04T22:30:12 ERROR Could not read house, reason: Modbus Error: [Input/Output] Modbus Error: [Invalid Message] No response received, expected at least 2 bytes (0 received)
2022-10-04T22:30:12 INFO Reconnecting after a bad response...
2022-10-04T22:30:12 INFO Disconnecting from /dev/ttyUSB0...
2022-10-04T22:30:12 INFO Connection closed!
2022-10-04T22:30:12 INFO Connecting to /dev/ttyUSB0...
2022-10-04T22:30:12 INFO Connection established!
2022-10-04T22:32:11 ERROR Could not read old-pv, reason: Modbus Error: [Input/Output] Modbus Error: [Invalid Message] No response received, expected at least 2 bytes (0 received)
2022-10-04T22:32:11 INFO Reconnecting after a bad response...
2022-10-04T22:32:11 INFO Disconnecting from /dev/ttyUSB0...
2022-10-04T22:32:11 INFO Connection closed!
2022-10-04T22:32:11 INFO Connecting to /dev/ttyUSB0...
2022-10-04T22:32:11 INFO Connection established!
2022-10-04T22:35:46 ERROR Could not read old-pv, reason: Modbus Error: [Input/Output] Modbus Error: [Invalid Message] No response received, expected at least 2 bytes (0 received)
2022-10-04T22:35:46 INFO Reconnecting after a bad response...
2022-10-04T22:35:46 INFO Disconnecting from /dev/ttyUSB0...
2022-10-04T22:35:46 INFO Connection closed!
2022-10-04T22:35:46 INFO Connecting to /dev/ttyUSB0...
2022-10-04T22:35:46 INFO Connection established!
2022-10-04T22:40:25 ERROR Could not read house, reason: Modbus Error: [Input/Output] Modbus Error: [Invalid Message] No response received, expected at least 2 bytes (0 received)
2022-10-04T22:40:25 INFO Reconnecting after a bad response...
2022-10-04T22:40:25 INFO Disconnecting from /dev/ttyUSB0...
2022-10-04T22:40:25 INFO Connection closed!
2022-10-04T22:40:25 INFO Connecting to /dev/ttyUSB0...
2022-10-04T22:40:25 INFO Connection established!
2022-10-04T22:45:31 ERROR Could not read house, reason: Modbus Error: [Input/Output] Modbus Error: [Invalid Message] No response received, expected at least 2 bytes (0 received)
2022-10-04T22:45:31 INFO Reconnecting after a bad response...
2022-10-04T22:45:31 INFO Disconnecting from /dev/ttyUSB0...
2022-10-04T22:45:31 INFO Connection closed!
2022-10-04T22:45:31 INFO Connecting to /dev/ttyUSB0...
2022-10-04T22:45:31 INFO Connection established!
2022-10-04T23:02:17 ERROR Could not read old-pv, reason: Modbus Error: [Input/Output] Modbus Error: [Invalid Message] No response received, expected at least 2 bytes (0 received)
2022-10-04T23:02:17 INFO Reconnecting after a bad response...
2022-10-04T23:02:17 INFO Disconnecting from /dev/ttyUSB0...
2022-10-04T23:02:17 INFO Connection closed!
2022-10-04T23:02:17 INFO Connecting to /dev/ttyUSB0...
2022-10-04T23:02:17 INFO Connection established!
2022-10-04T23:04:50 ERROR Could not read old-pv, reason: Modbus Error: [Input/Output] Modbus Error: [Invalid Message] No response received, expected at least 2 bytes (0 received)
2022-10-04T23:04:50 INFO Reconnecting after a bad response...
2022-10-04T23:04:50 INFO Disconnecting from /dev/ttyUSB0...
2022-10-04T23:04:50 INFO Connection closed!
2022-10-04T23:04:50 INFO Connecting to /dev/ttyUSB0...
2022-10-04T23:04:50 INFO Connection established!
2022-10-04T23:15:57 ERROR Could not read old-pv, reason: Modbus Error: [Input/Output] Modbus Error: [Invalid Message] No response received, expected at least 2 bytes (0 received)
2022-10-04T23:15:57 INFO Reconnecting after a bad response...
2022-10-04T23:15:57 INFO Disconnecting from /dev/ttyUSB0...
2022-10-04T23:15:57 INFO Connection closed!
2022-10-04T23:15:57 INFO Connecting to /dev/ttyUSB0...
2022-10-04T23:15:57 INFO Connection established!
2022-10-04T23:27:43 ERROR Could not read house, reason: Modbus Error: [Input/Output] Modbus Error: [Invalid Message] No response received, expected at least 2 bytes (0 received)
2022-10-04T23:27:43 INFO Reconnecting after a bad response...
2022-10-04T23:27:43 INFO Disconnecting from /dev/ttyUSB0...
2022-10-04T23:27:43 INFO Connection closed!
2022-10-04T23:27:43 INFO Connecting to /dev/ttyUSB0...
2022-10-04T23:27:43 INFO Connection established!
2022-10-04T23:43:23 ERROR Could not read old-pv, reason: Modbus Error: [Input/Output] Modbus Error: [Invalid Message] No response received, expected at least 2 bytes (0 received)
2022-10-04T23:43:23 INFO Reconnecting after a bad response...
2022-10-04T23:43:23 INFO Disconnecting from /dev/ttyUSB0...
2022-10-04T23:43:23 INFO Connection closed!
2022-10-04T23:43:23 INFO Connecting to /dev/ttyUSB0...
2022-10-04T23:43:23 INFO Connection established!
2022-10-04T23:48:34 ERROR Could not read house, reason: Modbus Error: [Input/Output] Modbus Error: [Invalid Message] No response received, expected at least 2 bytes (0 received)
2022-10-04T23:48:34 INFO Reconnecting after a bad response...
2022-10-04T23:48:34 INFO Disconnecting from /dev/ttyUSB0...
2022-10-04T23:48:34 INFO Connection closed!
2022-10-04T23:48:34 INFO Connecting to /dev/ttyUSB0...
2022-10-04T23:48:34 INFO Connection established!
2022-10-04T23:55:12 ERROR Could not read old-pv, reason: Modbus Error: [Input/Output] Modbus Error: [Invalid Message] No response received, expected at least 2 bytes (0 received)
2022-10-04T23:55:12 INFO Reconnecting after a bad response...
2022-10-04T23:55:12 INFO Disconnecting from /dev/ttyUSB0...
2022-10-04T23:55:12 INFO Connection closed!
2022-10-04T23:55:12 INFO Connecting to /dev/ttyUSB0...
2022-10-04T23:55:12 INFO Connection established!
2022-10-05T00:08:59 ERROR Could not read house, reason: Modbus Error: [Input/Output] Modbus Error: [Invalid Message] No response received, expected at least 2 bytes (0 received)
2022-10-05T00:08:59 INFO Reconnecting after a bad response...
2022-10-05T00:08:59 INFO Disconnecting from /dev/ttyUSB0...
2022-10-05T00:08:59 INFO Connection closed!
2022-10-05T00:08:59 INFO Connecting to /dev/ttyUSB0...
2022-10-05T00:08:59 INFO Connection established!
2022-10-05T00:19:36 ERROR Could not read old-pv, reason: Modbus Error: [Input/Output] Modbus Error: [Invalid Message] No response received, expected at least 2 bytes (0 received)
2022-10-05T00:19:36 INFO Reconnecting after a bad response...
2022-10-05T00:19:36 INFO Disconnecting from /dev/ttyUSB0...
2022-10-05T00:19:36 INFO Connection closed!
2022-10-05T00:19:36 INFO Connecting to /dev/ttyUSB0...
2022-10-05T00:19:36 INFO Connection established!
2022-10-05T00:38:21 ERROR Could not read old-pv, reason: Modbus Error: [Input/Output] Modbus Error: [Invalid Message] No response received, expected at least 2 bytes (0 received)
2022-10-05T00:38:21 INFO Reconnecting after a bad response...
2022-10-05T00:38:21 INFO Disconnecting from /dev/ttyUSB0...
2022-10-05T00:38:21 INFO Connection closed!
2022-10-05T00:38:21 INFO Connecting to /dev/ttyUSB0...
2022-10-05T00:38:22 INFO Connection established!
2022-10-05T00:38:52 ERROR Could not read old-pv, reason: Modbus Error: [Input/Output] No Response received from the remote unit/Unable to decode response
2022-10-05T00:38:52 INFO Reconnecting after a bad response...
2022-10-05T00:38:52 INFO Disconnecting from /dev/ttyUSB0...
2022-10-05T00:38:52 INFO Connection closed!
2022-10-05T00:38:52 INFO Connecting to /dev/ttyUSB0...
2022-10-05T00:38:52 INFO Connection established!
2022-10-05T00:44:28 ERROR Could not read old-pv, reason: Modbus Error: [Input/Output] Modbus Error: [Invalid Message] No response received, expected at least 2 bytes (0 received)
2022-10-05T00:44:28 INFO Reconnecting after a bad response...
2022-10-05T00:44:28 INFO Disconnecting from /dev/ttyUSB0...
2022-10-05T00:44:28 INFO Connection closed!
2022-10-05T00:44:28 INFO Connecting to /dev/ttyUSB0...
2022-10-05T00:44:28 INFO Connection established!
2022-10-05T00:47:33 ERROR Could not read house, reason: Modbus Error: [Input/Output] Modbus Error: [Invalid Message] No response received, expected at least 2 bytes (0 received)
2022-10-05T00:47:33 INFO Reconnecting after a bad response...
2022-10-05T00:47:33 INFO Disconnecting from /dev/ttyUSB0...
2022-10-05T00:47:33 INFO Connection closed!
2022-10-05T00:47:33 INFO Connecting to /dev/ttyUSB0...
2022-10-05T00:47:33 INFO Connection established!
2022-10-05T00:58:09 ERROR Could not read house, reason: Modbus Error: [Input/Output] Modbus Error: [Invalid Message] No response received, expected at least 2 bytes (0 received)
2022-10-05T00:58:09 INFO Reconnecting after a bad response...
2022-10-05T00:58:09 INFO Disconnecting from /dev/ttyUSB0...
2022-10-05T00:58:09 INFO Connection closed!
2022-10-05T00:58:09 INFO Connecting to /dev/ttyUSB0...
2022-10-05T00:58:09 INFO Connection established!
2022-10-05T01:11:18 ERROR Could not read old-pv, reason: Modbus Error: [Input/Output] Modbus Error: [Invalid Message] No response received, expected at least 2 bytes (0 received)
2022-10-05T01:11:18 INFO Reconnecting after a bad response...
2022-10-05T01:11:18 INFO Disconnecting from /dev/ttyUSB0...
2022-10-05T01:11:18 INFO Connection closed!
2022-10-05T01:11:18 INFO Connecting to /dev/ttyUSB0...
2022-10-05T01:11:18 INFO Connection established!
2022-10-05T01:17:24 ERROR Could not read old-pv, reason: Modbus Error: [Input/Output] Modbus Error: [Invalid Message] No response received, expected at least 2 bytes (0 received)
2022-10-05T01:17:24 INFO Reconnecting after a bad response...
2022-10-05T01:17:24 INFO Disconnecting from /dev/ttyUSB0...
2022-10-05T01:17:24 INFO Connection closed!
2022-10-05T01:17:24 INFO Connecting to /dev/ttyUSB0...
2022-10-05T01:17:24 INFO Connection established!
2022-10-05T01:25:05 ERROR Could not read old-pv, reason: Modbus Error: [Input/Output] Modbus Error: [Invalid Message] No response received, expected at least 2 bytes (0 received)
2022-10-05T01:25:05 INFO Reconnecting after a bad response...
2022-10-05T01:25:05 INFO Disconnecting from /dev/ttyUSB0...
2022-10-05T01:25:05 INFO Connection closed!
2022-10-05T01:25:05 INFO Connecting to /dev/ttyUSB0...
2022-10-05T01:25:05 INFO Connection established!
2022-10-05T01:26:10 ERROR Could not read house, reason: Modbus Error: [Input/Output] Modbus Error: [Invalid Message] No response received, expected at least 2 bytes (0 received)
2022-10-05T01:26:10 INFO Reconnecting after a bad response...
2022-10-05T01:26:10 INFO Disconnecting from /dev/ttyUSB0...
2022-10-05T01:26:10 INFO Connection closed!
2022-10-05T01:26:10 INFO Connecting to /dev/ttyUSB0...
2022-10-05T01:26:10 INFO Connection established!
2022-10-05T01:26:41 ERROR Could not read house, reason: Modbus Error: [Input/Output] No Response received from the remote unit/Unable to decode response
2022-10-05T01:26:41 INFO Reconnecting after a bad response...
2022-10-05T01:26:41 INFO Disconnecting from /dev/ttyUSB0...
2022-10-05T01:26:41 INFO Connection closed!
2022-10-05T01:26:41 INFO Connecting to /dev/ttyUSB0...
2022-10-05T01:26:41 INFO Connection established!
2022-10-05T01:43:02 ERROR Could not read house, reason: Modbus Error: [Input/Output] Modbus Error: [Invalid Message] No response received, expected at least 2 bytes (0 received)
2022-10-05T01:43:02 INFO Reconnecting after a bad response...
2022-10-05T01:43:02 INFO Disconnecting from /dev/ttyUSB0...
2022-10-05T01:43:02 INFO Connection closed!
2022-10-05T01:43:02 INFO Connecting to /dev/ttyUSB0...
2022-10-05T01:43:02 INFO Connection established!
2022-10-05T01:54:19 ERROR Could not read house, reason: Modbus Error: [Input/Output] Modbus Error: [Invalid Message] No response received, expected at least 2 bytes (0 received)
2022-10-05T01:54:19 INFO Reconnecting after a bad response...
2022-10-05T01:54:19 INFO Disconnecting from /dev/ttyUSB0...
2022-10-05T01:54:19 INFO Connection closed!
2022-10-05T01:54:19 INFO Connecting to /dev/ttyUSB0...
2022-10-05T01:54:19 INFO Connection established!
2022-10-05T02:10:12 ERROR Could not read house, reason: Modbus Error: [Input/Output] Modbus Error: [Invalid Message] No response received, expected at least 2 bytes (0 received)
2022-10-05T02:10:12 INFO Reconnecting after a bad response...
2022-10-05T02:10:12 INFO Disconnecting from /dev/ttyUSB0...
2022-10-05T02:10:12 INFO Connection closed!
2022-10-05T02:10:12 INFO Connecting to /dev/ttyUSB0...
2022-10-05T02:10:12 INFO Connection established!
2022-10-05T02:52:52 ERROR Could not read old-pv, reason: Modbus Error: [Input/Output] Modbus Error: [Invalid Message] No response received, expected at least 2 bytes (0 received)
2022-10-05T02:52:52 INFO Reconnecting after a bad response...
2022-10-05T02:52:52 INFO Disconnecting from /dev/ttyUSB0...
2022-10-05T02:52:52 INFO Connection closed!
2022-10-05T02:52:52 INFO Connecting to /dev/ttyUSB0...
2022-10-05T02:52:52 INFO Connection established!
2022-10-05T03:08:37 ERROR Could not read old-pv, reason: Modbus Error: [Input/Output] Modbus Error: [Invalid Message] No response received, expected at least 2 bytes (0 received)
2022-10-05T03:08:37 INFO Reconnecting after a bad response...
2022-10-05T03:08:37 INFO Disconnecting from /dev/ttyUSB0...
2022-10-05T03:08:37 INFO Connection closed!
2022-10-05T03:08:37 INFO Connecting to /dev/ttyUSB0...
2022-10-05T03:08:37 INFO Connection established!
2022-10-05T03:15:43 ERROR Could not read house, reason: Modbus Error: [Input/Output] Modbus Error: [Invalid Message] No response received, expected at least 2 bytes (0 received)
2022-10-05T03:15:43 INFO Reconnecting after a bad response...
2022-10-05T03:15:43 INFO Disconnecting from /dev/ttyUSB0...
2022-10-05T03:15:43 INFO Connection closed!
2022-10-05T03:15:43 INFO Connecting to /dev/ttyUSB0...
2022-10-05T03:15:43 INFO Connection established!
2022-10-05T03:21:20 ERROR Could not read house, reason: Modbus Error: [Input/Output] Modbus Error: [Invalid Message] No response received, expected at least 2 bytes (0 received)
2022-10-05T03:21:20 INFO Reconnecting after a bad response...
2022-10-05T03:21:20 INFO Disconnecting from /dev/ttyUSB0...
2022-10-05T03:21:20 INFO Connection closed!
2022-10-05T03:21:20 INFO Connecting to /dev/ttyUSB0...
2022-10-05T03:21:20 INFO Connection established!
2022-10-05T03:21:48 ERROR Could not read old-pv, reason: Modbus Error: [Input/Output] Modbus Error: [Invalid Message] No response received, expected at least 2 bytes (0 received)
2022-10-05T03:21:48 INFO Reconnecting after a bad response...
2022-10-05T03:21:48 INFO Disconnecting from /dev/ttyUSB0...
2022-10-05T03:21:48 INFO Connection closed!
2022-10-05T03:21:48 INFO Connecting to /dev/ttyUSB0...
2022-10-05T03:21:48 INFO Connection established!
2022-10-05T03:27:25 ERROR Could not read house, reason: Modbus Error: [Input/Output] Modbus Error: [Invalid Message] No response received, expected at least 2 bytes (0 received)
2022-10-05T03:27:25 INFO Reconnecting after a bad response...
2022-10-05T03:27:25 INFO Disconnecting from /dev/ttyUSB0...
2022-10-05T03:27:25 INFO Connection closed!
2022-10-05T03:27:25 INFO Connecting to /dev/ttyUSB0...
2022-10-05T03:27:25 INFO Connection established!
2022-10-05T03:37:03 ERROR Could not read old-pv, reason: Modbus Error: [Input/Output] Modbus Error: [Invalid Message] No response received, expected at least 2 bytes (0 received)
2022-10-05T03:37:03 INFO Reconnecting after a bad response...
2022-10-05T03:37:03 INFO Disconnecting from /dev/ttyUSB0...
2022-10-05T03:37:03 INFO Connection closed!
2022-10-05T03:37:03 INFO Connecting to /dev/ttyUSB0...
2022-10-05T03:37:03 INFO Connection established!
2022-10-05T03:38:08 ERROR Could not read house, reason: Modbus Error: [Input/Output] Modbus Error: [Invalid Message] No response received, expected at least 2 bytes (0 received)
2022-10-05T03:38:08 INFO Reconnecting after a bad response...
2022-10-05T03:38:08 INFO Disconnecting from /dev/ttyUSB0...
2022-10-05T03:38:08 INFO Connection closed!
2022-10-05T03:38:08 INFO Connecting to /dev/ttyUSB0...
2022-10-05T03:38:08 INFO Connection established!
2022-10-05T03:50:17 ERROR Could not read old-pv, reason: Modbus Error: [Input/Output] Modbus Error: [Invalid Message] No response received, expected at least 2 bytes (0 received)
2022-10-05T03:50:17 INFO Reconnecting after a bad response...
2022-10-05T03:50:17 INFO Disconnecting from /dev/ttyUSB0...
2022-10-05T03:50:17 INFO Connection closed!
2022-10-05T03:50:17 INFO Connecting to /dev/ttyUSB0...
2022-10-05T03:50:17 INFO Connection established!
2022-10-05T04:05:41 ERROR Could not read house, reason: Modbus Error: [Input/Output] Modbus Error: [Invalid Message] No response received, expected at least 2 bytes (0 received)
2022-10-05T04:05:41 INFO Reconnecting after a bad response...
2022-10-05T04:05:41 INFO Disconnecting from /dev/ttyUSB0...
2022-10-05T04:05:41 INFO Connection closed!
2022-10-05T04:05:41 INFO Connecting to /dev/ttyUSB0...
2022-10-05T04:05:41 INFO Connection established!
2022-10-05T04:13:49 ERROR Could not read house, reason: Modbus Error: [Input/Output] Modbus Error: [Invalid Message] No response received, expected at least 2 bytes (0 received)
2022-10-05T04:13:49 INFO Reconnecting after a bad response...
2022-10-05T04:13:49 INFO Disconnecting from /dev/ttyUSB0...
2022-10-05T04:13:49 INFO Connection closed!
2022-10-05T04:13:49 INFO Connecting to /dev/ttyUSB0...
2022-10-05T04:13:49 INFO Connection established!
2022-10-05T04:20:53 ERROR Could not read house, reason: Modbus Error: [Input/Output] Modbus Error: [Invalid Message] No response received, expected at least 2 bytes (0 received)
2022-10-05T04:20:53 INFO Reconnecting after a bad response...
2022-10-05T04:20:53 INFO Disconnecting from /dev/ttyUSB0...
2022-10-05T04:20:53 INFO Connection closed!
2022-10-05T04:20:53 INFO Connecting to /dev/ttyUSB0...
2022-10-05T04:20:53 INFO Connection established!
2022-10-05T04:27:27 ERROR Could not read old-pv, reason: Modbus Error: [Input/Output] Modbus Error: [Invalid Message] No response received, expected at least 2 bytes (0 received)
2022-10-05T04:27:27 INFO Reconnecting after a bad response...
2022-10-05T04:27:27 INFO Disconnecting from /dev/ttyUSB0...
2022-10-05T04:27:27 INFO Connection closed!
2022-10-05T04:27:27 INFO Connecting to /dev/ttyUSB0...
2022-10-05T04:27:27 INFO Connection established!
2022-10-05T04:30:29 ERROR Could not read old-pv, reason: Modbus Error: [Input/Output] Modbus Error: [Invalid Message] No response received, expected at least 2 bytes (0 received)
2022-10-05T04:30:29 INFO Reconnecting after a bad response...
2022-10-05T04:30:29 INFO Disconnecting from /dev/ttyUSB0...
2022-10-05T04:30:29 INFO Connection closed!
2022-10-05T04:30:29 INFO Connecting to /dev/ttyUSB0...
2022-10-05T04:30:29 INFO Connection established!
2022-10-05T04:32:05 ERROR Could not read house, reason: Modbus Error: [Input/Output] Modbus Error: [Invalid Message] No response received, expected at least 2 bytes (0 received)
2022-10-05T04:32:05 INFO Reconnecting after a bad response...
2022-10-05T04:32:05 INFO Disconnecting from /dev/ttyUSB0...
2022-10-05T04:32:05 INFO Connection closed!
2022-10-05T04:32:05 INFO Connecting to /dev/ttyUSB0...
2022-10-05T04:32:05 INFO Connection established!
2022-10-05T04:38:09 ERROR Could not read old-pv, reason: Modbus Error: [Input/Output] Modbus Error: [Invalid Message] No response received, expected at least 2 bytes (0 received)
2022-10-05T04:38:09 INFO Reconnecting after a bad response...
2022-10-05T04:38:09 INFO Disconnecting from /dev/ttyUSB0...
2022-10-05T04:38:09 INFO Connection closed!
2022-10-05T04:38:09 INFO Connecting to /dev/ttyUSB0...
2022-10-05T04:38:09 INFO Connection established!
2022-10-05T04:42:46 ERROR Could not read house, reason: Modbus Error: [Input/Output] Modbus Error: [Invalid Message] No response received, expected at least 2 bytes (0 received)
2022-10-05T04:42:46 INFO Reconnecting after a bad response...
2022-10-05T04:42:46 INFO Disconnecting from /dev/ttyUSB0...
2022-10-05T04:42:46 INFO Connection closed!
2022-10-05T04:42:46 INFO Connecting to /dev/ttyUSB0...
2022-10-05T04:42:46 INFO Connection established!
2022-10-05T04:54:57 ERROR Could not read house, reason: Modbus Error: [Input/Output] Modbus Error: [Invalid Message] No response received, expected at least 2 bytes (0 received)
2022-10-05T04:54:57 INFO Reconnecting after a bad response...
2022-10-05T04:54:57 INFO Disconnecting from /dev/ttyUSB0...
2022-10-05T04:54:57 INFO Connection closed!
2022-10-05T04:54:57 INFO Connecting to /dev/ttyUSB0...
2022-10-05T04:54:57 INFO Connection established!
2022-10-05T05:12:43 ERROR Could not read old-pv, reason: Modbus Error: [Input/Output] Modbus Error: [Invalid Message] No response received, expected at least 2 bytes (0 received)
2022-10-05T05:12:43 INFO Reconnecting after a bad response...
2022-10-05T05:12:43 INFO Disconnecting from /dev/ttyUSB0...
2022-10-05T05:12:43 INFO Connection closed!
2022-10-05T05:12:43 INFO Connecting to /dev/ttyUSB0...
2022-10-05T05:12:43 INFO Connection established!
2022-10-05T05:24:23 ERROR Could not read old-pv, reason: Modbus Error: [Input/Output] Modbus Error: [Invalid Message] No response received, expected at least 2 bytes (0 received)
2022-10-05T05:24:23 INFO Reconnecting after a bad response...
2022-10-05T05:24:23 INFO Disconnecting from /dev/ttyUSB0...
2022-10-05T05:24:23 INFO Connection closed!
2022-10-05T05:24:23 INFO Connecting to /dev/ttyUSB0...
2022-10-05T05:24:23 INFO Connection established!
2022-10-05T05:31:05 ERROR Could not read house, reason: Modbus Error: [Input/Output] Modbus Error: [Invalid Message] No response received, expected at least 2 bytes (0 received)
2022-10-05T05:31:05 INFO Reconnecting after a bad response...
2022-10-05T05:31:05 INFO Disconnecting from /dev/ttyUSB0...
2022-10-05T05:31:05 INFO Connection closed!
2022-10-05T05:31:05 INFO Connecting to /dev/ttyUSB0...
2022-10-05T05:31:06 INFO Connection established!
2022-10-05T05:35:35 ERROR Could not read old-pv, reason: Modbus Error: [Input/Output] Modbus Error: [Invalid Message] No response received, expected at least 2 bytes (0 received)
2022-10-05T05:35:35 INFO Reconnecting after a bad response...
2022-10-05T05:35:35 INFO Disconnecting from /dev/ttyUSB0...
2022-10-05T05:35:35 INFO Connection closed!
2022-10-05T05:35:35 INFO Connecting to /dev/ttyUSB0...
2022-10-05T05:35:35 INFO Connection established!
2022-10-05T05:45:47 ERROR Could not read old-pv, reason: Modbus Error: [Input/Output] Modbus Error: [Invalid Message] No response received, expected at least 2 bytes (0 received)
2022-10-05T05:45:47 INFO Reconnecting after a bad response...
2022-10-05T05:45:47 INFO Disconnecting from /dev/ttyUSB0...
2022-10-05T05:45:47 INFO Connection closed!
2022-10-05T05:45:47 INFO Connecting to /dev/ttyUSB0...
2022-10-05T05:45:47 INFO Connection established!
2022-10-05T05:47:51 ERROR Could not read house, reason: Modbus Error: [Input/Output] Modbus Error: [Invalid Message] No response received, expected at least 2 bytes (0 received)
2022-10-05T05:47:51 INFO Reconnecting after a bad response...
2022-10-05T05:47:51 INFO Disconnecting from /dev/ttyUSB0...
2022-10-05T05:47:51 INFO Connection closed!
2022-10-05T05:47:51 INFO Connecting to /dev/ttyUSB0...
2022-10-05T05:47:51 INFO Connection established!
2022-10-05T05:51:54 ERROR Could not read old-pv, reason: Modbus Error: [Input/Output] Modbus Error: [Invalid Message] No response received, expected at least 2 bytes (0 received)
2022-10-05T05:51:54 INFO Reconnecting after a bad response...
2022-10-05T05:51:54 INFO Disconnecting from /dev/ttyUSB0...
2022-10-05T05:51:54 INFO Connection closed!
2022-10-05T05:51:54 INFO Connecting to /dev/ttyUSB0...
2022-10-05T05:51:54 INFO Connection established!
2022-10-05T05:53:58 ERROR Could not read house, reason: Modbus Error: [Input/Output] Modbus Error: [Invalid Message] No response received, expected at least 2 bytes (0 received)
2022-10-05T05:53:58 INFO Reconnecting after a bad response...
2022-10-05T05:53:58 INFO Disconnecting from /dev/ttyUSB0...
2022-10-05T05:53:58 INFO Connection closed!
2022-10-05T05:53:58 INFO Connecting to /dev/ttyUSB0...
2022-10-05T05:53:58 INFO Connection established!
2022-10-05T06:02:35 ERROR Could not read house, reason: Modbus Error: [Input/Output] Modbus Error: [Invalid Message] No response received, expected at least 2 bytes (0 received)
2022-10-05T06:02:35 INFO Reconnecting after a bad response...
2022-10-05T06:02:35 INFO Disconnecting from /dev/ttyUSB0...
2022-10-05T06:02:35 INFO Connection closed!
2022-10-05T06:02:35 INFO Connecting to /dev/ttyUSB0...
2022-10-05T06:02:35 INFO Connection established!
2022-10-05T06:10:16 ERROR Could not read house, reason: Modbus Error: [Input/Output] Modbus Error: [Invalid Message] No response received, expected at least 2 bytes (0 received)
2022-10-05T06:10:16 INFO Reconnecting after a bad response...
2022-10-05T06:10:16 INFO Disconnecting from /dev/ttyUSB0...
2022-10-05T06:10:16 INFO Connection closed!
2022-10-05T06:10:16 INFO Connecting to /dev/ttyUSB0...
2022-10-05T06:10:16 INFO Connection established!
2022-10-05T06:14:21 ERROR Could not read house, reason: Modbus Error: [Input/Output] Modbus Error: [Invalid Message] No response received, expected at least 2 bytes (0 received)
2022-10-05T06:14:21 INFO Reconnecting after a bad response...
2022-10-05T06:14:21 INFO Disconnecting from /dev/ttyUSB0...
2022-10-05T06:14:21 INFO Connection closed!
2022-10-05T06:14:21 INFO Connecting to /dev/ttyUSB0...
2022-10-05T06:14:21 INFO Connection established!
2022-10-05T06:31:13 ERROR Could not read house, reason: Modbus Error: [Input/Output] Modbus Error: [Invalid Message] No response received, expected at least 2 bytes (0 received)
2022-10-05T06:31:13 INFO Reconnecting after a bad response...
2022-10-05T06:31:13 INFO Disconnecting from /dev/ttyUSB0...
2022-10-05T06:31:13 INFO Connection closed!
2022-10-05T06:31:13 INFO Connecting to /dev/ttyUSB0...
2022-10-05T06:31:13 INFO Connection established!
2022-10-05T06:42:56 ERROR Could not read old-pv, reason: Modbus Error: [Input/Output] Modbus Error: [Invalid Message] No response received, expected at least 2 bytes (0 received)
2022-10-05T06:42:56 INFO Reconnecting after a bad response...
2022-10-05T06:42:56 INFO Disconnecting from /dev/ttyUSB0...
2022-10-05T06:42:56 INFO Connection closed!
2022-10-05T06:42:56 INFO Connecting to /dev/ttyUSB0...
2022-10-05T06:42:56 INFO Connection established!
2022-10-05T06:45:30 ERROR Could not read old-pv, reason: Modbus Error: [Input/Output] Modbus Error: [Invalid Message] No response received, expected at least 2 bytes (0 received)
2022-10-05T06:45:30 INFO Reconnecting after a bad response...
2022-10-05T06:45:30 INFO Disconnecting from /dev/ttyUSB0...
2022-10-05T06:45:30 INFO Connection closed!
2022-10-05T06:45:30 INFO Connecting to /dev/ttyUSB0...
2022-10-05T06:45:30 INFO Connection established!
2022-10-05T06:51:09 ERROR Could not read house, reason: Modbus Error: [Input/Output] Modbus Error: [Invalid Message] No response received, expected at least 2 bytes (0 received)
2022-10-05T06:51:09 INFO Reconnecting after a bad response...
2022-10-05T06:51:09 INFO Disconnecting from /dev/ttyUSB0...
2022-10-05T06:51:09 INFO Connection closed!
2022-10-05T06:51:09 INFO Connecting to /dev/ttyUSB0...
2022-10-05T06:51:09 INFO Connection established!
2022-10-05T07:08:27 ERROR Could not read house, reason: Modbus Error: [Input/Output] Modbus Error: [Invalid Message] No response received, expected at least 2 bytes (0 received)
2022-10-05T07:08:27 INFO Reconnecting after a bad response...
2022-10-05T07:08:27 INFO Disconnecting from /dev/ttyUSB0...
2022-10-05T07:08:27 INFO Connection closed!
2022-10-05T07:08:27 INFO Connecting to /dev/ttyUSB0...
2022-10-05T07:08:27 INFO Connection established!
2022-10-05T07:15:31 ERROR Could not read old-pv, reason: Modbus Error: [Input/Output] Modbus Error: [Invalid Message] No response received, expected at least 2 bytes (0 received)
2022-10-05T07:15:31 INFO Reconnecting after a bad response...
2022-10-05T07:15:31 INFO Disconnecting from /dev/ttyUSB0...
2022-10-05T07:15:31 INFO Connection closed!
2022-10-05T07:15:31 INFO Connecting to /dev/ttyUSB0...
2022-10-05T07:15:31 INFO Connection established!
2022-10-05T07:30:19 ERROR Could not read house, reason: Modbus Error: [Input/Output] Modbus Error: [Invalid Message] No response received, expected at least 2 bytes (0 received)
2022-10-05T07:30:19 INFO Reconnecting after a bad response...
2022-10-05T07:30:19 INFO Disconnecting from /dev/ttyUSB0...
2022-10-05T07:30:19 INFO Connection closed!
2022-10-05T07:30:19 INFO Connecting to /dev/ttyUSB0...
2022-10-05T07:30:19 INFO Connection established!
2022-10-05T07:32:54 ERROR Could not read house, reason: Modbus Error: [Input/Output] Modbus Error: [Invalid Message] No response received, expected at least 2 bytes (0 received)
2022-10-05T07:32:54 INFO Reconnecting after a bad response...
2022-10-05T07:32:54 INFO Disconnecting from /dev/ttyUSB0...
2022-10-05T07:32:54 INFO Connection closed!
2022-10-05T07:32:54 INFO Connecting to /dev/ttyUSB0...
2022-10-05T07:32:54 INFO Connection established!
2022-10-05T07:33:22 ERROR Could not read old-pv, reason: Modbus Error: [Input/Output] Modbus Error: [Invalid Message] No response received, expected at least 2 bytes (0 received)
2022-10-05T07:33:22 INFO Reconnecting after a bad response...
2022-10-05T07:33:22 INFO Disconnecting from /dev/ttyUSB0...
2022-10-05T07:33:22 INFO Connection closed!
2022-10-05T07:33:22 INFO Connecting to /dev/ttyUSB0...
2022-10-05T07:33:22 INFO Connection established!
2022-10-05T07:52:12 ERROR Could not read house, reason: Modbus Error: [Input/Output] Modbus Error: [Invalid Message] No response received, expected at least 2 bytes (0 received)
2022-10-05T07:52:12 INFO Reconnecting after a bad response...
2022-10-05T07:52:12 INFO Disconnecting from /dev/ttyUSB0...
2022-10-05T07:52:12 INFO Connection closed!
2022-10-05T07:52:12 INFO Connecting to /dev/ttyUSB0...
2022-10-05T07:52:12 INFO Connection established!
2022-10-05T07:56:43 ERROR Could not read old-pv, reason: Modbus Error: [Input/Output] Modbus Error: [Invalid Message] No response received, expected at least 2 bytes (0 received)
2022-10-05T07:56:43 INFO Reconnecting after a bad response...
2022-10-05T07:56:43 INFO Disconnecting from /dev/ttyUSB0...
2022-10-05T07:56:43 INFO Connection closed!
2022-10-05T07:56:43 INFO Connecting to /dev/ttyUSB0...
2022-10-05T07:56:43 INFO Connection established!
2022-10-05T08:13:03 ERROR Could not read old-pv, reason: Modbus Error: [Input/Output] Modbus Error: [Invalid Message] No response received, expected at least 2 bytes (0 received)
2022-10-05T08:13:03 INFO Reconnecting after a bad response...
2022-10-05T08:13:03 INFO Disconnecting from /dev/ttyUSB0...
2022-10-05T08:13:03 INFO Connection closed!
2022-10-05T08:13:03 INFO Connecting to /dev/ttyUSB0...
2022-10-05T08:13:03 INFO Connection established!
2022-10-05T08:28:20 ERROR Could not read old-pv, reason: Modbus Error: [Input/Output] Modbus Error: [Invalid Message] No response received, expected at least 2 bytes (0 received)
2022-10-05T08:28:20 INFO Reconnecting after a bad response...
2022-10-05T08:28:20 INFO Disconnecting from /dev/ttyUSB0...
2022-10-05T08:28:20 INFO Connection closed!
2022-10-05T08:28:20 INFO Connecting to /dev/ttyUSB0...
2022-10-05T08:28:20 INFO Connection established!
